<?xml version="1.0" ?>
<coverage version="7.10.6" timestamp="1785824438030" lines-valid="3521" lines-covered="3367" line-rate="0.9563" branches-covered="0" branches-valid="0" branch-rate="0" complexity="0">
	<!-- Generated by coverage.py: https://coverage.readthedocs.io/en/7.10.6 -->
	<!-- Based on https://raw.githubusercontent.com/cobertura/web/master/htdocs/xml/coverage-04.dtd -->
	<sources>
		<source>C:\Users\UDUAK\Documents\UDUAK_QUANT_SYSTEM_PROJECT</source>
	</sources>
	<packages>
		<package name="." line-rate="0.08333" branch-rate="0" complexity="0">
			<classes>
				<class name="main.py" filename="main.py" complexity="0" line-rate="0.8333" branch-rate="0">
					<methods/>
					<lines>
						<line number="25" hits="1"/>
						<line number="28" hits="1"/>
						<line number="35" hits="1"/>
						<line number="36" hits="1"/>
						<line number="39" hits="1"/>
						<line number="40" hits="0"/>
					</lines>
				</class>
				<class name="rename_project_structure.py" filename="rename_project_structure.py" complexity="0" line-rate="0" branch-rate="0">
					<methods/>
					<lines>
						<line number="21" hits="0"/>
						<line number="22" hits="0"/>
						<line number="24" hits="0"/>
						<line number="27" hits="0"/>
						<line number="28" hits="0"/>
						<line number="29" hits="0"/>
						<line number="31" hits="0"/>
						<line number="32" hits="0"/>
						<line number="33" hits="0"/>
						<line number="35" hits="0"/>
						<line number="36" hits="0"/>
						<line number="38" hits="0"/>
						<line number="39" hits="0"/>
						<line number="41" hits="0"/>
						<line number="43" hits="0"/>
						<line number="44" hits="0"/>
						<line number="47" hits="0"/>
						<line number="48" hits="0"/>
						<line number="51" hits="0"/>
						<line number="54" hits="0"/>
						<line number="55" hits="0"/>
						<line number="57" hits="0"/>
						<line number="59" hits="0"/>
						<line number="61" hits="0"/>
						<line number="62" hits="0"/>
						<line number="63" hits="0"/>
						<line number="65" hits="0"/>
						<line number="68" hits="0"/>
						<line number="69" hits="0"/>
						<line number="70" hits="0"/>
						<line number="71" hits="0"/>
						<line number="74" hits="0"/>
						<line number="75" hits="0"/>
						<line number="77" hits="0"/>
						<line number="78" hits="0"/>
						<line number="79" hits="0"/>
						<line number="81" hits="0"/>
						<line number="89" hits="0"/>
						<line number="92" hits="0"/>
						<line number="93" hits="0"/>
						<line number="94" hits="0"/>
						<line number="95" hits="0"/>
						<line number="96" hits="0"/>
						<line number="98" hits="0"/>
						<line number="100" hits="0"/>
						<line number="107" hits="0"/>
						<line number="108" hits="0"/>
						<line number="110" hits="0"/>
						<line number="111" hits="0"/>
						<line number="113" hits="0"/>
						<line number="114" hits="0"/>
						<line number="115" hits="0"/>
						<line number="118" hits="0"/>
						<line number="119" hits="0"/>
					</lines>
				</class>
			</classes>
		</package>
		<package name="analysis" line-rate="1" branch-rate="0" complexity="0">
			<classes>
				<class name="bos_detector.py" filename="analysis/bos_detector.py" complexity="0" line-rate="1" branch-rate="0">
					<methods/>
					<lines>
						<line number="27" hits="1"/>
						<line number="29" hits="1"/>
						<line number="31" hits="1"/>
						<line number="32" hits="1"/>
						<line number="34" hits="1"/>
						<line number="37" hits="1"/>
						<line number="59" hits="1"/>
						<line number="81" hits="1"/>
						<line number="83" hits="1"/>
						<line number="87" hits="1"/>
						<line number="94" hits="1"/>
						<line number="96" hits="1"/>
						<line number="100" hits="1"/>
						<line number="109" hits="1"/>
						<line number="111" hits="1"/>
						<line number="113" hits="1"/>
						<line number="115" hits="1"/>
						<line number="121" hits="1"/>
						<line number="123" hits="1"/>
						<line number="128" hits="1"/>
						<line number="137" hits="1"/>
						<line number="142" hits="1"/>
						<line number="144" hits="1"/>
						<line number="146" hits="1"/>
						<line number="148" hits="1"/>
						<line number="153" hits="1"/>
						<line number="155" hits="1"/>
						<line number="161" hits="1"/>
						<line number="166" hits="1"/>
						<line number="168" hits="1"/>
						<line number="170" hits="1"/>
						<line number="172" hits="1"/>
						<line number="177" hits="1"/>
						<line number="179" hits="1"/>
						<line number="185" hits="1"/>
						<line number="187" hits="1"/>
						<line number="191" hits="1"/>
						<line number="206" hits="1"/>
						<line number="213" hits="1"/>
					</lines>
				</class>
				<class name="candle_analyzer.py" filename="analysis/candle_analyzer.py" complexity="0" line-rate="1" branch-rate="0">
					<methods/>
					<lines>
						<line number="29" hits="1"/>
						<line number="31" hits="1"/>
						<line number="32" hits="1"/>
						<line number="34" hits="1"/>
						<line number="36" hits="1"/>
						<line number="49" hits="1"/>
						<line number="67" hits="1"/>
						<line number="69" hits="1"/>
						<line number="71" hits="1"/>
						<line number="78" hits="1"/>
						<line number="80" hits="1"/>
						<line number="82" hits="1"/>
						<line number="84" hits="1"/>
						<line number="95" hits="1"/>
						<line number="100" hits="1"/>
						<line number="105" hits="1"/>
						<line number="114" hits="1"/>
						<line number="116" hits="1"/>
						<line number="122" hits="1"/>
						<line number="124" hits="1"/>
						<line number="126" hits="1"/>
						<line number="128" hits="1"/>
						<line number="134" hits="1"/>
						<line number="136" hits="1"/>
						<line number="138" hits="1"/>
						<line number="144" hits="1"/>
						<line number="156" hits="1"/>
						<line number="158" hits="1"/>
					</lines>
				</class>
				<class name="candle_patterns.py" filename="analysis/candle_patterns.py" complexity="0" line-rate="1" branch-rate="0">
					<methods/>
					<lines>
						<line number="2" hits="1"/>
						<line number="3" hits="1"/>
						<line number="5" hits="1"/>
						<line number="6" hits="1"/>
						<line number="7" hits="1"/>
						<line number="8" hits="1"/>
						<line number="9" hits="1"/>
						<line number="11" hits="1"/>
						<line number="12" hits="1"/>
						<line number="13" hits="1"/>
						<line number="14" hits="1"/>
						<line number="15" hits="1"/>
						<line number="16" hits="1"/>
						<line number="18" hits="1"/>
						<line number="27" hits="1"/>
						<line number="28" hits="1"/>
						<line number="29" hits="1"/>
						<line number="30" hits="1"/>
						<line number="31" hits="1"/>
						<line number="32" hits="1"/>
						<line number="33" hits="1"/>
						<line number="34" hits="1"/>
						<line number="35" hits="1"/>
						<line number="36" hits="1"/>
						<line number="37" hits="1"/>
						<line number="38" hits="1"/>
						<line number="39" hits="1"/>
						<line number="40" hits="1"/>
						<line number="41" hits="1"/>
						<line number="42" hits="1"/>
						<line number="43" hits="1"/>
						<line number="45" hits="1"/>
						<line number="46" hits="1"/>
						<line number="47" hits="1"/>
						<line number="48" hits="1"/>
						<line number="49" hits="1"/>
						<line number="50" hits="1"/>
						<line number="51" hits="1"/>
						<line number="52" hits="1"/>
						<line number="53" hits="1"/>
						<line number="54" hits="1"/>
						<line number="55" hits="1"/>
						<line number="56" hits="1"/>
						<line number="57" hits="1"/>
						<line number="58" hits="1"/>
						<line number="59" hits="1"/>
						<line number="60" hits="1"/>
						<line number="61" hits="1"/>
						<line number="62" hits="1"/>
						<line number="63" hits="1"/>
						<line number="64" hits="1"/>
						<line number="65" hits="1"/>
						<line number="66" hits="1"/>
						<line number="67" hits="1"/>
						<line number="68" hits="1"/>
						<line number="71" hits="1"/>
						<line number="72" hits="1"/>
						<line number="73" hits="1"/>
						<line number="74" hits="1"/>
						<line number="76" hits="1"/>
						<line number="79" hits="1"/>
						<line number="80" hits="1"/>
						<line number="81" hits="1"/>
						<line number="82" hits="1"/>
						<line number="83" hits="1"/>
						<line number="85" hits="1"/>
						<line number="86" hits="1"/>
						<line number="87" hits="1"/>
						<line number="88" hits="1"/>
						<line number="89" hits="1"/>
						<line number="90" hits="1"/>
						<line number="91" hits="1"/>
						<line number="93" hits="1"/>
						<line number="94" hits="1"/>
						<line number="95" hits="1"/>
						<line number="96" hits="1"/>
						<line number="97" hits="1"/>
						<line number="99" hits="1"/>
						<line number="100" hits="1"/>
						<line number="101" hits="1"/>
						<line number="103" hits="1"/>
						<line number="104" hits="1"/>
						<line number="105" hits="1"/>
						<line number="106" hits="1"/>
						<line number="107" hits="1"/>
						<line number="108" hits="1"/>
						<line number="110" hits="1"/>
						<line number="111" hits="1"/>
						<line number="112" hits="1"/>
						<line number="113" hits="1"/>
						<line number="114" hits="1"/>
						<line number="115" hits="1"/>
						<line number="116" hits="1"/>
						<line number="117" hits="1"/>
						<line number="118" hits="1"/>
						<line number="119" hits="1"/>
						<line number="121" hits="1"/>
						<line number="122" hits="1"/>
						<line number="123" hits="1"/>
						<line number="124" hits="1"/>
						<line number="125" hits="1"/>
						<line number="126" hits="1"/>
						<line number="127" hits="1"/>
						<line number="128" hits="1"/>
						<line number="129" hits="1"/>
						<line number="130" hits="1"/>
						<line number="132" hits="1"/>
						<line number="133" hits="1"/>
						<line number="134" hits="1"/>
						<line number="139" hits="1"/>
						<line number="140" hits="1"/>
						<line number="142" hits="1"/>
						<line number="143" hits="1"/>
						<line number="144" hits="1"/>
						<line number="149" hits="1"/>
						<line number="150" hits="1"/>
						<line number="153" hits="1"/>
						<line number="154" hits="1"/>
						<line number="155" hits="1"/>
						<line number="156" hits="1"/>
						<line number="157" hits="1"/>
						<line number="163" hits="1"/>
						<line number="164" hits="1"/>
						<line number="166" hits="1"/>
						<line number="167" hits="1"/>
						<line number="168" hits="1"/>
						<line number="169" hits="1"/>
						<line number="170" hits="1"/>
						<line number="176" hits="1"/>
						<line number="177" hits="1"/>
						<line number="179" hits="1"/>
						<line number="180" hits="1"/>
						<line number="181" hits="1"/>
						<line number="182" hits="1"/>
						<line number="183" hits="1"/>
						<line number="184" hits="1"/>
						<line number="186" hits="1"/>
						<line number="187" hits="1"/>
						<line number="188" hits="1"/>
						<line number="189" hits="1"/>
						<line number="190" hits="1"/>
						<line number="191" hits="1"/>
						<line number="192" hits="1"/>
						<line number="194" hits="1"/>
						<line number="195" hits="1"/>
						<line number="196" hits="1"/>
						<line number="197" hits="1"/>
						<line number="198" hits="1"/>
						<line number="199" hits="1"/>
						<line number="200" hits="1"/>
						<line number="201" hits="1"/>
						<line number="202" hits="1"/>
						<line number="203" hits="1"/>
						<line number="204" hits="1"/>
						<line number="205" hits="1"/>
						<line number="206" hits="1"/>
						<line number="209" hits="1"/>
						<line number="210" hits="1"/>
						<line number="211" hits="1"/>
						<line number="212" hits="1"/>
						<line number="213" hits="1"/>
						<line number="214" hits="1"/>
						<line number="215" hits="1"/>
						<line number="217" hits="1"/>
						<line number="218" hits="1"/>
						<line number="219" hits="1"/>
						<line number="221" hits="1"/>
						<line number="222" hits="1"/>
						<line number="223" hits="1"/>
						<line number="224" hits="1"/>
						<line number="225" hits="1"/>
						<line number="226" hits="1"/>
						<line number="227" hits="1"/>
						<line number="228" hits="1"/>
						<line number="229" hits="1"/>
						<line number="230" hits="1"/>
						<line number="232" hits="1"/>
						<line number="233" hits="1"/>
						<line number="234" hits="1"/>
						<line number="235" hits="1"/>
						<line number="236" hits="1"/>
						<line number="237" hits="1"/>
						<line number="239" hits="1"/>
						<line number="241" hits="1"/>
						<line number="242" hits="1"/>
						<line number="243" hits="1"/>
						<line number="245" hits="1"/>
						<line number="246" hits="1"/>
						<line number="247" hits="1"/>
						<line number="248" hits="1"/>
						<line number="249" hits="1"/>
						<line number="250" hits="1"/>
						<line number="252" hits="1"/>
						<line number="253" hits="1"/>
						<line number="254" hits="1"/>
						<line number="255" hits="1"/>
						<line number="256" hits="1"/>
						<line number="257" hits="1"/>
						<line number="258" hits="1"/>
						<line number="259" hits="1"/>
						<line number="260" hits="1"/>
						<line number="261" hits="1"/>
						<line number="263" hits="1"/>
						<line number="264" hits="1"/>
						<line number="265" hits="1"/>
						<line number="266" hits="1"/>
						<line number="267" hits="1"/>
						<line number="268" hits="1"/>
					</lines>
				</class>
				<class name="choch_detector.py" filename="analysis/choch_detector.py" complexity="0" line-rate="1" branch-rate="0">
					<methods/>
					<lines>
						<line number="25" hits="1"/>
						<line number="27" hits="1"/>
						<line number="29" hits="1"/>
						<line number="30" hits="1"/>
						<line number="32" hits="1"/>
						<line number="34" hits="1"/>
						<line number="52" hits="1"/>
						<line number="74" hits="1"/>
						<line number="75" hits="1"/>
						<line number="76" hits="1"/>
						<line number="83" hits="1"/>
						<line number="84" hits="1"/>
						<line number="85" hits="1"/>
						<line number="92" hits="1"/>
						<line number="93" hits="1"/>
						<line number="94" hits="1"/>
						<line number="95" hits="1"/>
						<line number="101" hits="1"/>
						<line number="103" hits="1"/>
						<line number="108" hits="1"/>
						<line number="116" hits="1"/>
						<line number="120" hits="1"/>
						<line number="121" hits="1"/>
						<line number="123" hits="1"/>
						<line number="124" hits="1"/>
						<line number="125" hits="1"/>
						<line number="126" hits="1"/>
						<line number="134" hits="1"/>
						<line number="138" hits="1"/>
						<line number="139" hits="1"/>
						<line number="141" hits="1"/>
						<line number="142" hits="1"/>
						<line number="143" hits="1"/>
						<line number="144" hits="1"/>
						<line number="150" hits="1"/>
						<line number="151" hits="1"/>
						<line number="152" hits="1"/>
						<line number="169" hits="1"/>
						<line number="176" hits="1"/>
					</lines>
				</class>
				<class name="fvg_analyzer.py" filename="analysis/fvg_analyzer.py" complexity="0" line-rate="1" branch-rate="0">
					<methods/>
					<lines>
						<line number="33" hits="1"/>
						<line number="35" hits="1"/>
						<line number="36" hits="1"/>
						<line number="37" hits="1"/>
						<line number="39" hits="1"/>
						<line number="40" hits="1"/>
						<line number="42" hits="1"/>
						<line number="44" hits="1"/>
						<line number="67" hits="1"/>
						<line number="73" hits="1"/>
						<line number="80" hits="1"/>
						<line number="82" hits="1"/>
						<line number="87" hits="1"/>
						<line number="88" hits="1"/>
						<line number="90" hits="1"/>
						<line number="92" hits="1"/>
						<line number="93" hits="1"/>
						<line number="95" hits="1"/>
						<line number="96" hits="1"/>
						<line number="98" hits="1"/>
						<line number="104" hits="1"/>
						<line number="108" hits="1"/>
						<line number="109" hits="1"/>
						<line number="111" hits="1"/>
						<line number="118" hits="1"/>
						<line number="119" hits="1"/>
						<line number="121" hits="1"/>
						<line number="122" hits="1"/>
						<line number="124" hits="1"/>
						<line number="125" hits="1"/>
						<line number="127" hits="1"/>
						<line number="128" hits="1"/>
						<line number="130" hits="1"/>
						<line number="131" hits="1"/>
						<line number="133" hits="1"/>
						<line number="134" hits="1"/>
						<line number="136" hits="1"/>
						<line number="138" hits="1"/>
						<line number="164" hits="1"/>
						<line number="165" hits="1"/>
						<line number="167" hits="1"/>
						<line number="168" hits="1"/>
						<line number="170" hits="1"/>
						<line number="171" hits="1"/>
						<line number="173" hits="1"/>
						<line number="178" hits="1"/>
						<line number="201" hits="1"/>
						<line number="203" hits="1"/>
						<line number="229" hits="1"/>
						<line number="233" hits="1"/>
						<line number="259" hits="1"/>
						<line number="261" hits="1"/>
						<line number="310" hits="1"/>
						<line number="312" hits="1"/>
						<line number="313" hits="1"/>
						<line number="315" hits="1"/>
						<line number="317" hits="1"/>
						<line number="319" hits="1"/>
						<line number="321" hits="1"/>
						<line number="322" hits="1"/>
						<line number="324" hits="1"/>
						<line number="330" hits="1"/>
						<line number="334" hits="1"/>
						<line number="336" hits="1"/>
						<line number="338" hits="1"/>
						<line number="342" hits="1"/>
						<line number="353" hits="1"/>
						<line number="355" hits="1"/>
						<line number="360" hits="1"/>
						<line number="364" hits="1"/>
						<line number="369" hits="1"/>
						<line number="374" hits="1"/>
						<line number="394" hits="1"/>
						<line number="396" hits="1"/>
						<line number="398" hits="1"/>
						<line number="400" hits="1"/>
						<line number="402" hits="1"/>
						<line number="403" hits="1"/>
						<line number="405" hits="1"/>
						<line number="407" hits="1"/>
						<line number="409" hits="1"/>
						<line number="413" hits="1"/>
						<line number="415" hits="1"/>
						<line number="417" hits="1"/>
						<line number="419" hits="1"/>
						<line number="421" hits="1"/>
						<line number="423" hits="1"/>
						<line number="425" hits="1"/>
						<line number="427" hits="1"/>
						<line number="440" hits="1"/>
						<line number="442" hits="1"/>
						<line number="455" hits="1"/>
						<line number="457" hits="1"/>
						<line number="459" hits="1"/>
						<line number="461" hits="1"/>
						<line number="463" hits="1"/>
						<line number="465" hits="1"/>
						<line number="498" hits="1"/>
						<line number="499" hits="1"/>
						<line number="501" hits="1"/>
						<line number="503" hits="1"/>
						<line number="505" hits="1"/>
						<line number="507" hits="1"/>
						<line number="512" hits="1"/>
						<line number="513" hits="1"/>
						<line number="519" hits="1"/>
						<line number="524" hits="1"/>
						<line number="529" hits="1"/>
						<line number="534" hits="1"/>
						<line number="542" hits="1"/>
						<line number="550" hits="1"/>
						<line number="554" hits="1"/>
						<line number="562" hits="1"/>
						<line number="568" hits="1"/>
						<line number="588" hits="1"/>
						<line number="594" hits="1"/>
						<line number="621" hits="1"/>
						<line number="623" hits="1"/>
						<line number="627" hits="1"/>
						<line number="638" hits="1"/>
						<line number="640" hits="1"/>
						<line number="644" hits="1"/>
						<line number="651" hits="1"/>
						<line number="653" hits="1"/>
						<line number="657" hits="1"/>
						<line number="667" hits="1"/>
						<line number="669" hits="1"/>
						<line number="675" hits="1"/>
						<line number="677" hits="1"/>
						<line number="679" hits="1"/>
						<line number="683" hits="1"/>
						<line number="685" hits="1"/>
						<line number="691" hits="1"/>
						<line number="699" hits="1"/>
						<line number="708" hits="1"/>
					</lines>
				</class>
				<class name="fvg_detector.py" filename="analysis/fvg_detector.py" complexity="0" line-rate="1" branch-rate="0">
					<methods/>
					<lines>
						<line number="30" hits="1"/>
						<line number="32" hits="1"/>
						<line number="33" hits="1"/>
						<line number="34" hits="1"/>
						<line number="36" hits="1"/>
						<line number="37" hits="1"/>
						<line number="39" hits="1"/>
						<line number="42" hits="1"/>
						<line number="55" hits="1"/>
						<line number="61" hits="1"/>
						<line number="81" hits="1"/>
						<line number="82" hits="1"/>
						<line number="83" hits="1"/>
						<line number="84" hits="1"/>
						<line number="86" hits="1"/>
						<line number="92" hits="1"/>
						<line number="95" hits="1"/>
						<line number="102" hits="1"/>
						<line number="104" hits="1"/>
						<line number="111" hits="1"/>
						<line number="129" hits="1"/>
						<line number="135" hits="1"/>
						<line number="155" hits="1"/>
						<line number="157" hits="1"/>
						<line number="159" hits="1"/>
						<line number="166" hits="1"/>
						<line number="168" hits="1"/>
						<line number="173" hits="1"/>
						<line number="182" hits="1"/>
						<line number="183" hits="1"/>
						<line number="185" hits="1"/>
						<line number="190" hits="1"/>
						<line number="192" hits="1"/>
						<line number="193" hits="1"/>
						<line number="194" hits="1"/>
						<line number="196" hits="1"/>
						<line number="197" hits="1"/>
						<line number="198" hits="1"/>
						<line number="200" hits="1"/>
						<line number="205" hits="1"/>
						<line number="207" hits="1"/>
						<line number="210" hits="1"/>
						<line number="211" hits="1"/>
						<line number="212" hits="1"/>
						<line number="218" hits="1"/>
						<line number="220" hits="1"/>
						<line number="221" hits="1"/>
						<line number="222" hits="1"/>
						<line number="223" hits="1"/>
						<line number="225" hits="1"/>
						<line number="257" hits="1"/>
						<line number="259" hits="1"/>
						<line number="260" hits="1"/>
						<line number="261" hits="1"/>
						<line number="262" hits="1"/>
						<line number="264" hits="1"/>
						<line number="296" hits="1"/>
						<line number="298" hits="1"/>
						<line number="302" hits="1"/>
						<line number="313" hits="1"/>
						<line number="317" hits="1"/>
						<line number="331" hits="1"/>
					</lines>
				</class>
				<class name="fvg_filter.py" filename="analysis/fvg_filter.py" complexity="0" line-rate="1" branch-rate="0">
					<methods/>
					<lines>
						<line number="34" hits="1"/>
						<line number="36" hits="1"/>
						<line number="38" hits="1"/>
						<line number="39" hits="1"/>
						<line number="41" hits="1"/>
						<line number="43" hits="1"/>
						<line number="69" hits="1"/>
						<line number="71" hits="1"/>
						<line number="73" hits="1"/>
						<line number="75" hits="1"/>
						<line number="77" hits="1"/>
						<line number="79" hits="1"/>
						<line number="85" hits="1"/>
						<line number="97" hits="1"/>
						<line number="98" hits="1"/>
						<line number="100" hits="1"/>
						<line number="108" hits="1"/>
						<line number="109" hits="1"/>
						<line number="111" hits="1"/>
						<line number="115" hits="1"/>
						<line number="117" hits="1"/>
						<line number="121" hits="1"/>
						<line number="123" hits="1"/>
						<line number="127" hits="1"/>
						<line number="129" hits="1"/>
						<line number="133" hits="1"/>
						<line number="135" hits="1"/>
						<line number="140" hits="1"/>
						<line number="142" hits="1"/>
						<line number="144" hits="1"/>
						<line number="157" hits="1"/>
						<line number="162" hits="1"/>
						<line number="175" hits="1"/>
						<line number="180" hits="1"/>
						<line number="193" hits="1"/>
						<line number="198" hits="1"/>
						<line number="211" hits="1"/>
						<line number="213" hits="1"/>
						<line number="217" hits="1"/>
						<line number="219" hits="1"/>
						<line number="223" hits="1"/>
						<line number="225" hits="1"/>
						<line number="229" hits="1"/>
						<line number="231" hits="1"/>
						<line number="233" hits="1"/>
						<line number="245" hits="1"/>
						<line number="256" hits="1"/>
						<line number="278" hits="1"/>
						<line number="280" hits="1"/>
						<line number="284" hits="1"/>
						<line number="291" hits="1"/>
						<line number="293" hits="1"/>
						<line number="297" hits="1"/>
						<line number="309" hits="1"/>
						<line number="311" hits="1"/>
						<line number="317" hits="1"/>
						<line number="319" hits="1"/>
						<line number="321" hits="1"/>
						<line number="325" hits="1"/>
						<line number="327" hits="1"/>
						<line number="329" hits="1"/>
						<line number="331" hits="1"/>
						<line number="335" hits="1"/>
						<line number="341" hits="1"/>
						<line number="355" hits="1"/>
					</lines>
				</class>
				<class name="liquidity_analyzer.py" filename="analysis/liquidity_analyzer.py" complexity="0" line-rate="1" branch-rate="0">
					<methods/>
					<lines>
						<line number="18" hits="1"/>
						<line number="20" hits="1"/>
						<line number="22" hits="1"/>
						<line number="27" hits="1"/>
						<line number="28" hits="1"/>
						<line number="30" hits="1"/>
						<line number="31" hits="1"/>
						<line number="33" hits="1"/>
						<line number="35" hits="1"/>
						<line number="39" hits="1"/>
						<line number="45" hits="1"/>
						<line number="52" hits="1"/>
						<line number="54" hits="1"/>
						<line number="62" hits="1"/>
						<line number="63" hits="1"/>
						<line number="65" hits="1"/>
						<line number="67" hits="1"/>
						<line number="71" hits="1"/>
						<line number="75" hits="1"/>
						<line number="77" hits="1"/>
						<line number="79" hits="1"/>
						<line number="86" hits="1"/>
						<line number="88" hits="1"/>
						<line number="90" hits="1"/>
						<line number="97" hits="1"/>
						<line number="106" hits="1"/>
						<line number="114" hits="1"/>
						<line number="115" hits="1"/>
						<line number="117" hits="1"/>
						<line number="123" hits="1"/>
						<line number="124" hits="1"/>
						<line number="126" hits="1"/>
						<line number="127" hits="1"/>
						<line number="129" hits="1"/>
						<line number="130" hits="1"/>
						<line number="132" hits="1"/>
						<line number="136" hits="1"/>
						<line number="138" hits="1"/>
						<line number="144" hits="1"/>
						<line number="152" hits="1"/>
						<line number="153" hits="1"/>
						<line number="155" hits="1"/>
						<line number="156" hits="1"/>
						<line number="158" hits="1"/>
						<line number="159" hits="1"/>
						<line number="161" hits="1"/>
						<line number="162" hits="1"/>
						<line number="164" hits="1"/>
						<line number="165" hits="1"/>
						<line number="167" hits="1"/>
						<line number="176" hits="1"/>
						<line number="185" hits="1"/>
						<line number="186" hits="1"/>
						<line number="188" hits="1"/>
						<line number="189" hits="1"/>
						<line number="191" hits="1"/>
						<line number="195" hits="1"/>
						<line number="199" hits="1"/>
						<line number="203" hits="1"/>
						<line number="204" hits="1"/>
						<line number="206" hits="1"/>
						<line number="207" hits="1"/>
						<line number="208" hits="1"/>
						<line number="210" hits="1"/>
						<line number="216" hits="1"/>
						<line number="225" hits="1"/>
						<line number="226" hits="1"/>
						<line number="228" hits="1"/>
						<line number="229" hits="1"/>
						<line number="231" hits="1"/>
						<line number="235" hits="1"/>
						<line number="239" hits="1"/>
						<line number="243" hits="1"/>
						<line number="244" hits="1"/>
						<line number="246" hits="1"/>
						<line number="247" hits="1"/>
						<line number="248" hits="1"/>
						<line number="250" hits="1"/>
						<line number="260" hits="1"/>
						<line number="268" hits="1"/>
						<line number="270" hits="1"/>
						<line number="272" hits="1"/>
						<line number="273" hits="1"/>
						<line number="275" hits="1"/>
						<line number="277" hits="1"/>
						<line number="278" hits="1"/>
						<line number="280" hits="1"/>
						<line number="282" hits="1"/>
						<line number="284" hits="1"/>
						<line number="285" hits="1"/>
						<line number="287" hits="1"/>
						<line number="289" hits="1"/>
						<line number="290" hits="1"/>
						<line number="292" hits="1"/>
						<line number="294" hits="1"/>
						<line number="296" hits="1"/>
						<line number="304" hits="1"/>
						<line number="306" hits="1"/>
						<line number="308" hits="1"/>
						<line number="316" hits="1"/>
						<line number="318" hits="1"/>
						<line number="320" hits="1"/>
						<line number="321" hits="1"/>
						<line number="323" hits="1"/>
						<line number="325" hits="1"/>
						<line number="326" hits="1"/>
						<line number="328" hits="1"/>
						<line number="330" hits="1"/>
						<line number="332" hits="1"/>
						<line number="333" hits="1"/>
						<line number="335" hits="1"/>
						<line number="337" hits="1"/>
						<line number="338" hits="1"/>
						<line number="340" hits="1"/>
						<line number="342" hits="1"/>
						<line number="344" hits="1"/>
						<line number="352" hits="1"/>
						<line number="354" hits="1"/>
						<line number="360" hits="1"/>
						<line number="370" hits="1"/>
						<line number="372" hits="1"/>
						<line number="374" hits="1"/>
						<line number="376" hits="1"/>
						<line number="385" hits="1"/>
						<line number="387" hits="1"/>
						<line number="397" hits="1"/>
						<line number="399" hits="1"/>
						<line number="401" hits="1"/>
						<line number="403" hits="1"/>
						<line number="412" hits="1"/>
						<line number="418" hits="1"/>
						<line number="427" hits="1"/>
						<line number="428" hits="1"/>
						<line number="429" hits="1"/>
						<line number="431" hits="1"/>
						<line number="433" hits="1"/>
						<line number="435" hits="1"/>
						<line number="436" hits="1"/>
						<line number="438" hits="1"/>
						<line number="440" hits="1"/>
						<line number="442" hits="1"/>
						<line number="443" hits="1"/>
						<line number="447" hits="1"/>
						<line number="448" hits="1"/>
						<line number="450" hits="1"/>
						<line number="452" hits="1"/>
						<line number="453" hits="1"/>
						<line number="455" hits="1"/>
						<line number="456" hits="1"/>
						<line number="458" hits="1"/>
						<line number="467" hits="1"/>
						<line number="468" hits="1"/>
						<line number="469" hits="1"/>
						<line number="471" hits="1"/>
						<line number="473" hits="1"/>
						<line number="475" hits="1"/>
						<line number="477" hits="1"/>
						<line number="478" hits="1"/>
						<line number="480" hits="1"/>
						<line number="482" hits="1"/>
						<line number="484" hits="1"/>
						<line number="488" hits="1"/>
						<line number="490" hits="1"/>
						<line number="492" hits="1"/>
						<line number="498" hits="1"/>
						<line number="507" hits="1"/>
						<line number="512" hits="1"/>
						<line number="520" hits="1"/>
						<line number="521" hits="1"/>
						<line number="523" hits="1"/>
						<line number="529" hits="1"/>
						<line number="538" hits="1"/>
						<line number="540" hits="1"/>
						<line number="545" hits="1"/>
						<line number="547" hits="1"/>
						<line number="551" hits="1"/>
						<line number="558" hits="1"/>
						<line number="563" hits="1"/>
					</lines>
				</class>
				<class name="liquidity_detector.py" filename="analysis/liquidity_detector.py" complexity="0" line-rate="1" branch-rate="0">
					<methods/>
					<lines>
						<line number="27" hits="1"/>
						<line number="29" hits="1"/>
						<line number="31" hits="1"/>
						<line number="32" hits="1"/>
						<line number="34" hits="1"/>
						<line number="36" hits="1"/>
						<line number="47" hits="1"/>
						<line number="53" hits="1"/>
						<line number="73" hits="1"/>
						<line number="74" hits="1"/>
						<line number="75" hits="1"/>
						<line number="82" hits="1"/>
						<line number="83" hits="1"/>
						<line number="84" hits="1"/>
						<line number="91" hits="1"/>
						<line number="92" hits="1"/>
						<line number="93" hits="1"/>
						<line number="94" hits="1"/>
						<line number="97" hits="1"/>
						<line number="103" hits="1"/>
						<line number="104" hits="1"/>
						<line number="105" hits="1"/>
						<line number="107" hits="1"/>
						<line number="108" hits="1"/>
						<line number="110" hits="1"/>
						<line number="111" hits="1"/>
						<line number="113" hits="1"/>
						<line number="114" hits="1"/>
						<line number="119" hits="1"/>
						<line number="123" hits="1"/>
						<line number="124" hits="1"/>
						<line number="128" hits="1"/>
						<line number="129" hits="1"/>
						<line number="134" hits="1"/>
						<line number="138" hits="1"/>
						<line number="139" hits="1"/>
						<line number="143" hits="1"/>
						<line number="144" hits="1"/>
						<line number="151" hits="1"/>
						<line number="152" hits="1"/>
						<line number="153" hits="1"/>
						<line number="154" hits="1"/>
						<line number="160" hits="1"/>
						<line number="162" hits="1"/>
						<line number="171" hits="1"/>
					</lines>
				</class>
				<class name="liquidity_sweep_detector.py" filename="analysis/liquidity_sweep_detector.py" complexity="0" line-rate="1" branch-rate="0">
					<methods/>
					<lines>
						<line number="26" hits="1"/>
						<line number="28" hits="1"/>
						<line number="30" hits="1"/>
						<line number="31" hits="1"/>
						<line number="33" hits="1"/>
						<line number="35" hits="1"/>
						<line number="46" hits="1"/>
						<line number="52" hits="1"/>
						<line number="77" hits="1"/>
						<line number="78" hits="1"/>
						<line number="80" hits="1"/>
						<line number="87" hits="1"/>
						<line number="88" hits="1"/>
						<line number="92" hits="1"/>
						<line number="103" hits="1"/>
						<line number="104" hits="1"/>
						<line number="106" hits="1"/>
						<line number="113" hits="1"/>
						<line number="118" hits="1"/>
						<line number="123" hits="1"/>
						<line number="125" hits="1"/>
						<line number="127" hits="1"/>
						<line number="133" hits="1"/>
						<line number="135" hits="1"/>
						<line number="136" hits="1"/>
						<line number="137" hits="1"/>
						<line number="139" hits="1"/>
						<line number="140" hits="1"/>
						<line number="145" hits="1"/>
						<line number="146" hits="1"/>
						<line number="148" hits="1"/>
						<line number="150" hits="1"/>
						<line number="151" hits="1"/>
						<line number="164" hits="1"/>
						<line number="165" hits="1"/>
						<line number="167" hits="1"/>
						<line number="169" hits="1"/>
						<line number="170" hits="1"/>
						<line number="184" hits="1"/>
						<line number="189" hits="1"/>
						<line number="196" hits="1"/>
					</lines>
				</class>
				<class name="market_structure.py" filename="analysis/market_structure.py" complexity="0" line-rate="1" branch-rate="0">
					<methods/>
					<lines>
						<line number="28" hits="1"/>
						<line number="30" hits="1"/>
						<line number="32" hits="1"/>
						<line number="33" hits="1"/>
						<line number="35" hits="1"/>
						<line number="37" hits="1"/>
						<line number="55" hits="1"/>
						<line number="60" hits="1"/>
						<line number="66" hits="1"/>
						<line number="88" hits="1"/>
						<line number="90" hits="1"/>
						<line number="94" hits="1"/>
						<line number="101" hits="1"/>
						<line number="103" hits="1"/>
						<line number="107" hits="1"/>
						<line number="120" hits="1"/>
						<line number="122" hits="1"/>
						<line number="124" hits="1"/>
						<line number="126" hits="1"/>
						<line number="132" hits="1"/>
						<line number="134" hits="1"/>
						<line number="146" hits="1"/>
						<line number="148" hits="1"/>
						<line number="150" hits="1"/>
						<line number="154" hits="1"/>
						<line number="156" hits="1"/>
						<line number="160" hits="1"/>
						<line number="162" hits="1"/>
						<line number="168" hits="1"/>
						<line number="172" hits="1"/>
						<line number="180" hits="1"/>
						<line number="182" hits="1"/>
						<line number="186" hits="1"/>
						<line number="188" hits="1"/>
						<line number="192" hits="1"/>
						<line number="194" hits="1"/>
						<line number="200" hits="1"/>
						<line number="204" hits="1"/>
						<line number="206" hits="1"/>
						<line number="214" hits="1"/>
						<line number="216" hits="1"/>
						<line number="221" hits="1"/>
						<line number="225" hits="1"/>
						<line number="229" hits="1"/>
						<line number="233" hits="1"/>
						<line number="237" hits="1"/>
						<line number="241" hits="1"/>
						<line number="249" hits="1"/>
						<line number="255" hits="1"/>
						<line number="261" hits="1"/>
						<line number="267" hits="1"/>
						<line number="273" hits="1"/>
						<line number="281" hits="1"/>
						<line number="287" hits="1"/>
						<line number="292" hits="1"/>
						<line number="296" hits="1"/>
						<line number="302" hits="1"/>
						<line number="313" hits="1"/>
					</lines>
				</class>
				<class name="order_block_detector.py" filename="analysis/order_block_detector.py" complexity="0" line-rate="1" branch-rate="0">
					<methods/>
					<lines>
						<line number="25" hits="1"/>
						<line number="27" hits="1"/>
						<line number="29" hits="1"/>
						<line number="30" hits="1"/>
						<line number="32" hits="1"/>
						<line number="34" hits="1"/>
						<line number="45" hits="1"/>
						<line number="46" hits="1"/>
						<line number="52" hits="1"/>
						<line number="62" hits="1"/>
						<line number="63" hits="1"/>
						<line number="64" hits="1"/>
						<line number="65" hits="1"/>
						<line number="67" hits="1"/>
						<line number="73" hits="1"/>
						<line number="75" hits="1"/>
						<line number="81" hits="1"/>
						<line number="90" hits="1"/>
						<line number="91" hits="1"/>
						<line number="92" hits="1"/>
						<line number="99" hits="1"/>
						<line number="100" hits="1"/>
						<line number="104" hits="1"/>
						<line number="114" hits="1"/>
						<line number="115" hits="1"/>
						<line number="116" hits="1"/>
						<line number="123" hits="1"/>
						<line number="124" hits="1"/>
						<line number="125" hits="1"/>
						<line number="138" hits="1"/>
						<line number="140" hits="1"/>
						<line number="141" hits="1"/>
						<line number="142" hits="1"/>
						<line number="149" hits="1"/>
						<line number="150" hits="1"/>
						<line number="152" hits="1"/>
						<line number="153" hits="1"/>
						<line number="155" hits="1"/>
						<line number="160" hits="1"/>
						<line number="162" hits="1"/>
						<line number="163" hits="1"/>
						<line number="164" hits="1"/>
						<line number="166" hits="1"/>
						<line number="167" hits="1"/>
						<line number="169" hits="1"/>
						<line number="170" hits="1"/>
						<line number="172" hits="1"/>
						<line number="174" hits="1"/>
						<line number="176" hits="1"/>
						<line number="191" hits="1"/>
						<line number="196" hits="1"/>
						<line number="198" hits="1"/>
						<line number="199" hits="1"/>
						<line number="200" hits="1"/>
						<line number="202" hits="1"/>
						<line number="203" hits="1"/>
						<line number="205" hits="1"/>
						<line number="206" hits="1"/>
						<line number="208" hits="1"/>
						<line number="210" hits="1"/>
						<line number="212" hits="1"/>
						<line number="227" hits="1"/>
						<line number="229" hits="1"/>
						<line number="230" hits="1"/>
						<line number="231" hits="1"/>
						<line number="241" hits="1"/>
						<line number="243" hits="1"/>
						<line number="249" hits="1"/>
					</lines>
				</class>
				<class name="swing_detector.py" filename="analysis/swing_detector.py" complexity="0" line-rate="1" branch-rate="0">
					<methods/>
					<lines>
						<line number="7" hits="1"/>
						<line number="8" hits="1"/>
						<line number="11" hits="1"/>
						<line number="12" hits="1"/>
						<line number="13" hits="1"/>
						<line number="14" hits="1"/>
						<line number="15" hits="1"/>
						<line number="18" hits="1"/>
						<line number="19" hits="1"/>
						<line number="21" hits="1"/>
						<line number="22" hits="1"/>
						<line number="25" hits="1"/>
						<line number="26" hits="1"/>
						<line number="28" hits="1"/>
						<line number="31" hits="1"/>
						<line number="32" hits="1"/>
						<line number="33" hits="1"/>
						<line number="34" hits="1"/>
						<line number="35" hits="1"/>
						<line number="37" hits="1"/>
						<line number="38" hits="1"/>
						<line number="41" hits="1"/>
						<line number="42" hits="1"/>
						<line number="43" hits="1"/>
						<line number="44" hits="1"/>
						<line number="52" hits="1"/>
						<line number="53" hits="1"/>
						<line number="54" hits="1"/>
						<line number="55" hits="1"/>
						<line number="63" hits="1"/>
						<line number="65" hits="1"/>
						<line number="67" hits="1"/>
						<line number="73" hits="1"/>
						<line number="74" hits="1"/>
						<line number="76" hits="1"/>
						<line number="77" hits="1"/>
						<line number="78" hits="1"/>
						<line number="80" hits="1"/>
						<line number="81" hits="1"/>
						<line number="83" hits="1"/>
						<line number="84" hits="1"/>
						<line number="85" hits="1"/>
						<line number="87" hits="1"/>
						<line number="88" hits="1"/>
						<line number="89" hits="1"/>
						<line number="90" hits="1"/>
						<line number="92" hits="1"/>
						<line number="93" hits="1"/>
						<line number="95" hits="1"/>
						<line number="96" hits="1"/>
						<line number="97" hits="1"/>
						<line number="99" hits="1"/>
						<line number="100" hits="1"/>
						<line number="101" hits="1"/>
						<line number="102" hits="1"/>
						<line number="104" hits="1"/>
						<line number="105" hits="1"/>
					</lines>
				</class>
			</classes>
		</package>
		<package name="config" line-rate="1" branch-rate="0" complexity="0">
			<classes>
				<class name="__init__.py" filename="config/__init__.py" complexity="0" line-rate="1" branch-rate="0">
					<methods/>
					<lines/>
				</class>
				<class name="logging.py" filename="config/logging.py" complexity="0" line-rate="1" branch-rate="0">
					<methods/>
					<lines>
						<line number="20" hits="1"/>
						<line number="21" hits="1"/>
						<line number="23" hits="1"/>
						<line number="26" hits="1"/>
						<line number="27" hits="1"/>
						<line number="32" hits="1"/>
						<line number="34" hits="1"/>
						<line number="36" hits="1"/>
						<line number="38" hits="1"/>
						<line number="40" hits="1"/>
						<line number="42" hits="1"/>
						<line number="44" hits="1"/>
						<line number="47" hits="1"/>
					</lines>
				</class>
				<class name="mt5.py" filename="config/mt5.py" complexity="0" line-rate="1" branch-rate="0">
					<methods/>
					<lines>
						<line number="21" hits="1"/>
						<line number="23" hits="1"/>
						<line number="24" hits="1"/>
						<line number="25" hits="1"/>
						<line number="28" hits="1"/>
						<line number="29" hits="1"/>
						<line number="41" hits="1"/>
						<line number="43" hits="1"/>
						<line number="49" hits="1"/>
						<line number="51" hits="1"/>
						<line number="53" hits="1"/>
						<line number="55" hits="1"/>
						<line number="57" hits="1"/>
						<line number="63" hits="1"/>
						<line number="65" hits="1"/>
						<line number="67" hits="1"/>
						<line number="70" hits="1"/>
					</lines>
				</class>
				<class name="risk.py" filename="config/risk.py" complexity="0" line-rate="1" branch-rate="0">
					<methods/>
					<lines>
						<line number="26" hits="1"/>
						<line number="28" hits="1"/>
						<line number="34" hits="1"/>
						<line number="35" hits="1"/>
						<line number="55" hits="1"/>
						<line number="58" hits="1"/>
						<line number="61" hits="1"/>
						<line number="65" hits="1"/>
						<line number="68" hits="1"/>
						<line number="71" hits="1"/>
						<line number="77" hits="1"/>
						<line number="78" hits="1"/>
						<line number="88" hits="1"/>
						<line number="91" hits="1"/>
						<line number="94" hits="1"/>
						<line number="97" hits="1"/>
						<line number="100" hits="1"/>
						<line number="103" hits="1"/>
						<line number="106" hits="1"/>
						<line number="112" hits="1"/>
						<line number="113" hits="1"/>
						<line number="122" hits="1"/>
						<line number="125" hits="1"/>
						<line number="128" hits="1"/>
						<line number="131" hits="1"/>
						<line number="134" hits="1"/>
						<line number="137" hits="1"/>
						<line number="143" hits="1"/>
						<line number="144" hits="1"/>
						<line number="154" hits="1"/>
						<line number="160" hits="1"/>
						<line number="163" hits="1"/>
						<line number="166" hits="1"/>
						<line number="172" hits="1"/>
						<line number="175" hits="1"/>
						<line number="178" hits="1"/>
						<line number="184" hits="1"/>
						<line number="187" hits="1"/>
						<line number="190" hits="1"/>
						<line number="193" hits="1"/>
						<line number="199" hits="1"/>
						<line number="200" hits="1"/>
						<line number="206" hits="1"/>
						<line number="209" hits="1"/>
						<line number="212" hits="1"/>
						<line number="215" hits="1"/>
						<line number="218" hits="1"/>
						<line number="221" hits="1"/>
						<line number="227" hits="1"/>
						<line number="228" hits="1"/>
						<line number="243" hits="1"/>
						<line number="245" hits="1"/>
						<line number="247" hits="1"/>
						<line number="249" hits="1"/>
						<line number="251" hits="1"/>
						<line number="257" hits="1"/>
					</lines>
				</class>
				<class name="settings.py" filename="config/settings.py" complexity="0" line-rate="1" branch-rate="0">
					<methods/>
					<lines>
						<line number="20" hits="1"/>
						<line number="21" hits="1"/>
						<line number="22" hits="1"/>
						<line number="29" hits="1"/>
						<line number="30" hits="1"/>
						<line number="31" hits="1"/>
						<line number="38" hits="1"/>
						<line number="39" hits="1"/>
						<line number="40" hits="1"/>
						<line number="47" hits="1"/>
						<line number="48" hits="1"/>
						<line number="53" hits="1"/>
						<line number="54" hits="1"/>
						<line number="55" hits="1"/>
						<line number="57" hits="1"/>
						<line number="59" hits="1"/>
						<line number="61" hits="1"/>
						<line number="63" hits="1"/>
						<line number="70" hits="1"/>
						<line number="73" hits="1"/>
					</lines>
				</class>
				<class name="storage.py" filename="config/storage.py" complexity="0" line-rate="1" branch-rate="0">
					<methods/>
					<lines>
						<line number="12" hits="1"/>
						<line number="13" hits="1"/>
						<line number="15" hits="1"/>
						<line number="18" hits="1"/>
						<line number="19" hits="1"/>
						<line number="20" hits="1"/>
						<line number="22" hits="1"/>
						<line number="23" hits="1"/>
						<line number="24" hits="1"/>
						<line number="26" hits="1"/>
						<line number="27" hits="1"/>
						<line number="29" hits="1"/>
						<line number="30" hits="1"/>
						<line number="31" hits="1"/>
						<line number="32" hits="1"/>
						<line number="33" hits="1"/>
						<line number="36" hits="1"/>
						<line number="61" hits="1"/>
						<line number="62" hits="1"/>
						<line number="74" hits="1"/>
						<line number="75" hits="1"/>
					</lines>
				</class>
				<class name="symbols.py" filename="config/symbols.py" complexity="0" line-rate="1" branch-rate="0">
					<methods/>
					<lines>
						<line number="26" hits="1"/>
						<line number="27" hits="1"/>
						<line number="34" hits="1"/>
						<line number="55" hits="1"/>
						<line number="67" hits="1"/>
						<line number="79" hits="1"/>
						<line number="97" hits="1"/>
						<line number="99" hits="1"/>
						<line number="101" hits="1"/>
						<line number="104" hits="1"/>
						<line number="105" hits="1"/>
						<line number="110" hits="1"/>
						<line number="112" hits="1"/>
						<line number="114" hits="1"/>
						<line number="116" hits="1"/>
						<line number="118" hits="1"/>
						<line number="120" hits="1"/>
						<line number="122" hits="1"/>
						<line number="124" hits="1"/>
						<line number="125" hits="1"/>
						<line number="130" hits="1"/>
						<line number="148" hits="1"/>
					</lines>
				</class>
				<class name="timeframes.py" filename="config/timeframes.py" complexity="0" line-rate="1" branch-rate="0">
					<methods/>
					<lines>
						<line number="23" hits="1"/>
						<line number="24" hits="1"/>
						<line number="31" hits="1"/>
						<line number="32" hits="1"/>
						<line number="37" hits="1"/>
						<line number="39" hits="1"/>
						<line number="41" hits="1"/>
						<line number="43" hits="1"/>
						<line number="50" hits="1"/>
						<line number="57" hits="1"/>
						<line number="64" hits="1"/>
						<line number="71" hits="1"/>
						<line number="78" hits="1"/>
						<line number="85" hits="1"/>
						<line number="92" hits="1"/>
						<line number="99" hits="1"/>
						<line number="106" hits="1"/>
						<line number="118" hits="1"/>
						<line number="119" hits="1"/>
						<line number="121" hits="1"/>
						<line number="123" hits="1"/>
						<line number="125" hits="1"/>
						<line number="127" hits="1"/>
						<line number="129" hits="1"/>
						<line number="132" hits="1"/>
					</lines>
				</class>
				<class name="trading.py" filename="config/trading.py" complexity="0" line-rate="1" branch-rate="0">
					<methods/>
					<lines>
						<line number="25" hits="1"/>
						<line number="27" hits="1"/>
						<line number="28" hits="1"/>
						<line number="35" hits="1"/>
						<line number="43" hits="1"/>
						<line number="45" hits="1"/>
						<line number="47" hits="1"/>
						<line number="49" hits="1"/>
						<line number="52" hits="1"/>
						<line number="57" hits="1"/>
						<line number="59" hits="1"/>
						<line number="66" hits="1"/>
						<line number="67" hits="1"/>
						<line number="73" hits="1"/>
						<line number="76" hits="1"/>
						<line number="79" hits="1"/>
						<line number="82" hits="1"/>
						<line number="89" hits="1"/>
						<line number="90" hits="1"/>
						<line number="96" hits="1"/>
						<line number="99" hits="1"/>
						<line number="102" hits="1"/>
						<line number="105" hits="1"/>
						<line number="108" hits="1"/>
						<line number="115" hits="1"/>
						<line number="116" hits="1"/>
						<line number="121" hits="1"/>
						<line number="123" hits="1"/>
						<line number="125" hits="1"/>
						<line number="127" hits="1"/>
						<line number="129" hits="1"/>
						<line number="131" hits="1"/>
						<line number="133" hits="1"/>
						<line number="135" hits="1"/>
						<line number="139" hits="1"/>
						<line number="146" hits="1"/>
						<line number="147" hits="1"/>
						<line number="152" hits="1"/>
						<line number="154" hits="1"/>
						<line number="156" hits="1"/>
						<line number="158" hits="1"/>
						<line number="165" hits="1"/>
						<line number="166" hits="1"/>
						<line number="172" hits="1"/>
						<line number="175" hits="1"/>
						<line number="178" hits="1"/>
						<line number="181" hits="1"/>
						<line number="184" hits="1"/>
						<line number="191" hits="1"/>
						<line number="192" hits="1"/>
						<line number="197" hits="1"/>
						<line number="199" hits="1"/>
						<line number="201" hits="1"/>
						<line number="203" hits="1"/>
						<line number="205" hits="1"/>
						<line number="212" hits="1"/>
					</lines>
				</class>
			</classes>
		</package>
		<package name="core" line-rate="0.3425" branch-rate="0" complexity="0">
			<classes>
				<class name="__init__.py" filename="core/__init__.py" complexity="0" line-rate="1" branch-rate="0">
					<methods/>
					<lines/>
				</class>
				<class name="application.py" filename="core/application.py" complexity="0" line-rate="1" branch-rate="0">
					<methods/>
					<lines>
						<line number="21" hits="1"/>
						<line number="24" hits="1"/>
						<line number="29" hits="1"/>
						<line number="37" hits="1"/>
						<line number="39" hits="1"/>
						<line number="51" hits="1"/>
						<line number="53" hits="1"/>
						<line number="58" hits="1"/>
						<line number="59" hits="1"/>
						<line number="60" hits="1"/>
						<line number="62" hits="1"/>
						<line number="64" hits="1"/>
						<line number="66" hits="1"/>
						<line number="68" hits="1"/>
						<line number="73" hits="1"/>
						<line number="74" hits="1"/>
						<line number="75" hits="1"/>
						<line number="77" hits="1"/>
						<line number="79" hits="1"/>
						<line number="81" hits="1"/>
						<line number="86" hits="1"/>
						<line number="87" hits="1"/>
						<line number="89" hits="1"/>
						<line number="91" hits="1"/>
						<line number="96" hits="1"/>
					</lines>
				</class>
				<class name="service_locator.py" filename="core/service_locator.py" complexity="0" line-rate="0" branch-rate="0">
					<methods/>
					<lines>
						<line number="20" hits="0"/>
						<line number="22" hits="0"/>
						<line number="23" hits="0"/>
						<line number="24" hits="0"/>
						<line number="25" hits="0"/>
						<line number="26" hits="0"/>
						<line number="27" hits="0"/>
						<line number="28" hits="0"/>
						<line number="29" hits="0"/>
						<line number="30" hits="0"/>
						<line number="33" hits="0"/>
						<line number="41" hits="0"/>
						<line number="46" hits="0"/>
						<line number="48" hits="0"/>
						<line number="50" hits="0"/>
						<line number="52" hits="0"/>
						<line number="54" hits="0"/>
						<line number="56" hits="0"/>
						<line number="58" hits="0"/>
						<line number="60" hits="0"/>
						<line number="62" hits="0"/>
						<line number="68" hits="0"/>
						<line number="69" hits="0"/>
						<line number="74" hits="0"/>
						<line number="80" hits="0"/>
						<line number="81" hits="0"/>
						<line number="86" hits="0"/>
						<line number="92" hits="0"/>
						<line number="93" hits="0"/>
						<line number="98" hits="0"/>
						<line number="104" hits="0"/>
						<line number="105" hits="0"/>
						<line number="110" hits="0"/>
						<line number="116" hits="0"/>
						<line number="117" hits="0"/>
						<line number="122" hits="0"/>
						<line number="128" hits="0"/>
						<line number="129" hits="0"/>
						<line number="134" hits="0"/>
						<line number="140" hits="0"/>
						<line number="141" hits="0"/>
						<line number="146" hits="0"/>
						<line number="152" hits="0"/>
						<line number="153" hits="0"/>
						<line number="158" hits="0"/>
						<line number="164" hits="0"/>
						<line number="165" hits="0"/>
						<line number="170" hits="0"/>
					</lines>
				</class>
			</classes>
		</package>
		<package name="data" line-rate="1" branch-rate="0" complexity="0">
			<classes>
				<class name="account_data.py" filename="data/account_data.py" complexity="0" line-rate="1" branch-rate="0">
					<methods/>
					<lines>
						<line number="24" hits="1"/>
						<line number="26" hits="1"/>
						<line number="28" hits="1"/>
						<line number="29" hits="1"/>
						<line number="31" hits="1"/>
						<line number="34" hits="1"/>
						<line number="43" hits="1"/>
						<line number="54" hits="1"/>
						<line number="56" hits="1"/>
						<line number="58" hits="1"/>
						<line number="60" hits="1"/>
						<line number="65" hits="1"/>
						<line number="72" hits="1"/>
						<line number="76" hits="1"/>
						<line number="87" hits="1"/>
						<line number="97" hits="1"/>
						<line number="99" hits="1"/>
						<line number="101" hits="1"/>
						<line number="108" hits="1"/>
					</lines>
				</class>
				<class name="candle_data.py" filename="data/candle_data.py" complexity="0" line-rate="1" branch-rate="0">
					<methods/>
					<lines>
						<line number="26" hits="1"/>
						<line number="28" hits="1"/>
						<line number="30" hits="1"/>
						<line number="32" hits="1"/>
						<line number="33" hits="1"/>
						<line number="35" hits="1"/>
						<line number="38" hits="1"/>
						<line number="51" hits="1"/>
						<line number="77" hits="1"/>
						<line number="84" hits="1"/>
						<line number="86" hits="1"/>
						<line number="88" hits="1"/>
						<line number="94" hits="1"/>
						<line number="101" hits="1"/>
						<line number="103" hits="1"/>
						<line number="105" hits="1"/>
						<line number="107" hits="1"/>
						<line number="109" hits="1"/>
						<line number="111" hits="1"/>
						<line number="113" hits="1"/>
						<line number="118" hits="1"/>
						<line number="123" hits="1"/>
						<line number="131" hits="1"/>
						<line number="139" hits="1"/>
						<line number="141" hits="1"/>
						<line number="142" hits="1"/>
						<line number="164" hits="1"/>
						<line number="166" hits="1"/>
						<line number="172" hits="1"/>
						<line number="186" hits="1"/>
						<line number="208" hits="1"/>
						<line number="214" hits="1"/>
						<line number="216" hits="1"/>
						<line number="226" hits="1"/>
					</lines>
				</class>
				<class name="market_data.py" filename="data/market_data.py" complexity="0" line-rate="1" branch-rate="0">
					<methods/>
					<lines>
						<line number="24" hits="1"/>
						<line number="26" hits="1"/>
						<line number="28" hits="1"/>
						<line number="29" hits="1"/>
						<line number="31" hits="1"/>
						<line number="34" hits="1"/>
						<line number="43" hits="1"/>
						<line number="58" hits="1"/>
						<line number="60" hits="1"/>
						<line number="62" hits="1"/>
						<line number="64" hits="1"/>
						<line number="70" hits="1"/>
						<line number="77" hits="1"/>
						<line number="79" hits="1"/>
						<line number="90" hits="1"/>
						<line number="95" hits="1"/>
						<line number="106" hits="1"/>
						<line number="121" hits="1"/>
						<line number="123" hits="1"/>
						<line number="125" hits="1"/>
						<line number="132" hits="1"/>
					</lines>
				</class>
				<class name="mt5_connection.py" filename="data/mt5_connection.py" complexity="0" line-rate="1" branch-rate="0">
					<methods/>
					<lines>
						<line number="27" hits="1"/>
						<line number="29" hits="1"/>
						<line number="31" hits="1"/>
						<line number="32" hits="1"/>
						<line number="34" hits="1"/>
						<line number="37" hits="1"/>
						<line number="45" hits="1"/>
						<line number="50" hits="1"/>
						<line number="56" hits="1"/>
						<line number="57" hits="1"/>
						<line number="65" hits="1"/>
						<line number="67" hits="1"/>
						<line number="68" hits="1"/>
						<line number="76" hits="1"/>
						<line number="82" hits="1"/>
						<line number="92" hits="1"/>
						<line number="93" hits="1"/>
						<line number="94" hits="1"/>
						<line number="96" hits="1"/>
						<line number="101" hits="1"/>
						<line number="102" hits="1"/>
						<line number="104" hits="1"/>
						<line number="105" hits="1"/>
						<line number="107" hits="1"/>
						<line number="108" hits="1"/>
						<line number="110" hits="1"/>
						<line number="111" hits="1"/>
						<line number="113" hits="1"/>
						<line number="115" hits="1"/>
						<line number="117" hits="1"/>
						<line number="122" hits="1"/>
						<line number="124" hits="1"/>
						<line number="126" hits="1"/>
						<line number="128" hits="1"/>
						<line number="134" hits="1"/>
						<line number="139" hits="1"/>
						<line number="140" hits="1"/>
						<line number="141" hits="1"/>
						<line number="143" hits="1"/>
						<line number="145" hits="1"/>
						<line number="147" hits="1"/>
					</lines>
				</class>
				<class name="terminal_data.py" filename="data/terminal_data.py" complexity="0" line-rate="1" branch-rate="0">
					<methods/>
					<lines>
						<line number="23" hits="1"/>
						<line number="25" hits="1"/>
						<line number="27" hits="1"/>
						<line number="29" hits="1"/>
						<line number="32" hits="1"/>
						<line number="41" hits="1"/>
						<line number="50" hits="1"/>
						<line number="52" hits="1"/>
						<line number="54" hits="1"/>
						<line number="59" hits="1"/>
						<line number="65" hits="1"/>
						<line number="70" hits="1"/>
						<line number="76" hits="1"/>
						<line number="84" hits="1"/>
						<line number="86" hits="1"/>
						<line number="87" hits="1"/>
						<line number="89" hits="1"/>
						<line number="95" hits="1"/>
						<line number="100" hits="1"/>
					</lines>
				</class>
			</classes>
		</package>
		<package name="models" line-rate="1" branch-rate="0" complexity="0">
			<classes>
				<class name="response.py" filename="models/response.py" complexity="0" line-rate="1" branch-rate="0">
					<methods/>
					<lines>
						<line number="11" hits="1"/>
						<line number="13" hits="1"/>
						<line number="14" hits="1"/>
						<line number="17" hits="1"/>
						<line number="18" hits="1"/>
						<line number="23" hits="1"/>
						<line number="25" hits="1"/>
						<line number="27" hits="1"/>
						<line number="29" hits="1"/>
					</lines>
				</class>
				<class name="signal.py" filename="models/signal.py" complexity="0" line-rate="1" branch-rate="0">
					<methods/>
					<lines>
						<line number="23" hits="1"/>
						<line number="25" hits="1"/>
						<line number="26" hits="1"/>
						<line number="33" hits="1"/>
						<line number="38" hits="1"/>
						<line number="39" hits="1"/>
						<line number="46" hits="1"/>
						<line number="47" hits="1"/>
						<line number="55" hits="1"/>
						<line number="58" hits="1"/>
						<line number="61" hits="1"/>
						<line number="64" hits="1"/>
						<line number="67" hits="1"/>
						<line number="70" hits="1"/>
						<line number="72" hits="1"/>
						<line number="73" hits="1"/>
						<line number="77" hits="1"/>
						<line number="79" hits="1"/>
						<line number="80" hits="1"/>
						<line number="84" hits="1"/>
						<line number="86" hits="1"/>
						<line number="87" hits="1"/>
						<line number="92" hits="1"/>
						<line number="93" hits="1"/>
						<line number="95" hits="1"/>
					</lines>
				</class>
			</classes>
		</package>
		<package name="monitoring" line-rate="1" branch-rate="0" complexity="0">
			<classes>
				<class name="__init__.py" filename="monitoring/__init__.py" complexity="0" line-rate="1" branch-rate="0">
					<methods/>
					<lines/>
				</class>
				<class name="logger.py" filename="monitoring/logger.py" complexity="0" line-rate="1" branch-rate="0">
					<methods/>
					<lines>
						<line number="11" hits="1"/>
						<line number="13" hits="1"/>
						<line number="14" hits="1"/>
						<line number="16" hits="1"/>
						<line number="19" hits="1"/>
						<line number="24" hits="1"/>
						<line number="27" hits="1"/>
						<line number="32" hits="1"/>
						<line number="34" hits="1"/>
						<line number="35" hits="1"/>
						<line number="37" hits="1"/>
						<line number="39" hits="1"/>
						<line number="44" hits="1"/>
						<line number="45" hits="1"/>
						<line number="46" hits="1"/>
						<line number="48" hits="1"/>
						<line number="55" hits="1"/>
						<line number="56" hits="1"/>
						<line number="58" hits="1"/>
						<line number="59" hits="1"/>
						<line number="61" hits="1"/>
						<line number="63" hits="1"/>
					</lines>
				</class>
			</classes>
		</package>
		<package name="tests" line-rate="0.9995" branch-rate="0" complexity="0">
			<classes>
				<class name="__init__.py" filename="tests/__init__.py" complexity="0" line-rate="1" branch-rate="0">
					<methods/>
					<lines/>
				</class>
				<class name="test_account_data.py" filename="tests/test_account_data.py" complexity="0" line-rate="1" branch-rate="0">
					<methods/>
					<lines>
						<line number="5" hits="1"/>
						<line number="6" hits="1"/>
						<line number="8" hits="1"/>
						<line number="9" hits="1"/>
						<line number="16" hits="1"/>
						<line number="17" hits="1"/>
						<line number="19" hits="1"/>
						<line number="28" hits="1"/>
						<line number="30" hits="1"/>
						<line number="32" hits="1"/>
						<line number="34" hits="1"/>
						<line number="36" hits="1"/>
						<line number="38" hits="1"/>
						<line number="40" hits="1"/>
						<line number="42" hits="1"/>
						<line number="49" hits="1"/>
						<line number="50" hits="1"/>
						<line number="51" hits="1"/>
						<line number="56" hits="1"/>
						<line number="58" hits="1"/>
						<line number="63" hits="1"/>
						<line number="65" hits="1"/>
						<line number="67" hits="1"/>
						<line number="69" hits="1"/>
						<line number="71" hits="1"/>
						<line number="73" hits="1"/>
						<line number="78" hits="1"/>
						<line number="85" hits="1"/>
						<line number="86" hits="1"/>
						<line number="88" hits="1"/>
						<line number="90" hits="1"/>
						<line number="92" hits="1"/>
						<line number="94" hits="1"/>
						<line number="96" hits="1"/>
						<line number="98" hits="1"/>
						<line number="100" hits="1"/>
						<line number="107" hits="1"/>
						<line number="108" hits="1"/>
						<line number="109" hits="1"/>
						<line number="114" hits="1"/>
						<line number="116" hits="1"/>
						<line number="121" hits="1"/>
						<line number="123" hits="1"/>
						<line number="125" hits="1"/>
						<line number="127" hits="1"/>
						<line number="129" hits="1"/>
						<line number="134" hits="1"/>
					</lines>
				</class>
				<class name="test_application.py" filename="tests/test_application.py" complexity="0" line-rate="1" branch-rate="0">
					<methods/>
					<lines>
						<line number="5" hits="1"/>
						<line number="12" hits="1"/>
						<line number="14" hits="1"/>
						<line number="16" hits="1"/>
						<line number="23" hits="1"/>
						<line number="25" hits="1"/>
						<line number="27" hits="1"/>
						<line number="29" hits="1"/>
						<line number="31" hits="1"/>
						<line number="38" hits="1"/>
						<line number="40" hits="1"/>
						<line number="42" hits="1"/>
						<line number="44" hits="1"/>
						<line number="46" hits="1"/>
						<line number="48" hits="1"/>
						<line number="55" hits="1"/>
						<line number="57" hits="1"/>
						<line number="59" hits="1"/>
						<line number="61" hits="1"/>
						<line number="63" hits="1"/>
						<line number="65" hits="1"/>
						<line number="67" hits="1"/>
						<line number="74" hits="1"/>
						<line number="76" hits="1"/>
						<line number="78" hits="1"/>
						<line number="80" hits="1"/>
						<line number="82" hits="1"/>
						<line number="84" hits="1"/>
						<line number="86" hits="1"/>
						<line number="93" hits="1"/>
						<line number="95" hits="1"/>
						<line number="97" hits="1"/>
						<line number="99" hits="1"/>
						<line number="101" hits="1"/>
						<line number="103" hits="1"/>
						<line number="110" hits="1"/>
						<line number="112" hits="1"/>
						<line number="114" hits="1"/>
						<line number="116" hits="1"/>
						<line number="118" hits="1"/>
						<line number="120" hits="1"/>
						<line number="122" hits="1"/>
						<line number="129" hits="1"/>
						<line number="131" hits="1"/>
						<line number="133" hits="1"/>
						<line number="135" hits="1"/>
						<line number="137" hits="1"/>
						<line number="139" hits="1"/>
					</lines>
				</class>
				<class name="test_bos_detector.py" filename="tests/test_bos_detector.py" complexity="0" line-rate="1" branch-rate="0">
					<methods/>
					<lines>
						<line number="9" hits="1"/>
						<line number="16" hits="1"/>
						<line number="18" hits="1"/>
						<line number="20" hits="1"/>
						<line number="22" hits="1"/>
						<line number="24" hits="1"/>
						<line number="31" hits="1"/>
						<line number="33" hits="1"/>
						<line number="35" hits="1"/>
						<line number="49" hits="1"/>
						<line number="51" hits="1"/>
						<line number="53" hits="1"/>
						<line number="60" hits="1"/>
						<line number="62" hits="1"/>
						<line number="64" hits="1"/>
						<line number="88" hits="1"/>
						<line number="90" hits="1"/>
						<line number="92" hits="1"/>
						<line number="94" hits="1"/>
						<line number="96" hits="1"/>
						<line number="98" hits="1"/>
						<line number="100" hits="1"/>
						<line number="107" hits="1"/>
						<line number="109" hits="1"/>
						<line number="111" hits="1"/>
						<line number="135" hits="1"/>
						<line number="137" hits="1"/>
						<line number="139" hits="1"/>
						<line number="141" hits="1"/>
						<line number="143" hits="1"/>
						<line number="145" hits="1"/>
						<line number="147" hits="1"/>
						<line number="154" hits="1"/>
						<line number="156" hits="1"/>
						<line number="158" hits="1"/>
						<line number="182" hits="1"/>
						<line number="184" hits="1"/>
						<line number="186" hits="1"/>
						<line number="188" hits="1"/>
						<line number="190" hits="1"/>
						<line number="197" hits="1"/>
						<line number="199" hits="1"/>
						<line number="201" hits="1"/>
						<line number="225" hits="1"/>
						<line number="227" hits="1"/>
						<line number="229" hits="1"/>
						<line number="231" hits="1"/>
						<line number="233" hits="1"/>
						<line number="235" hits="1"/>
					</lines>
				</class>
				<class name="test_candle_analyzer.py" filename="tests/test_candle_analyzer.py" complexity="0" line-rate="1" branch-rate="0">
					<methods/>
					<lines>
						<line number="11" hits="1"/>
						<line number="12" hits="1"/>
						<line number="14" hits="1"/>
						<line number="16" hits="1"/>
						<line number="29" hits="1"/>
						<line number="30" hits="1"/>
						<line number="32" hits="1"/>
						<line number="33" hits="1"/>
						<line number="34" hits="1"/>
						<line number="36" hits="1"/>
						<line number="38" hits="1"/>
						<line number="39" hits="1"/>
						<line number="40" hits="1"/>
						<line number="41" hits="1"/>
						<line number="42" hits="1"/>
						<line number="43" hits="1"/>
						<line number="44" hits="1"/>
						<line number="45" hits="1"/>
						<line number="46" hits="1"/>
						<line number="48" hits="1"/>
						<line number="50" hits="1"/>
						<line number="51" hits="1"/>
						<line number="53" hits="1"/>
						<line number="54" hits="1"/>
						<line number="55" hits="1"/>
						<line number="57" hits="1"/>
						<line number="59" hits="1"/>
						<line number="61" hits="1"/>
						<line number="70" hits="1"/>
						<line number="72" hits="1"/>
						<line number="73" hits="1"/>
						<line number="74" hits="1"/>
						<line number="76" hits="1"/>
						<line number="78" hits="1"/>
						<line number="80" hits="1"/>
						<line number="89" hits="1"/>
						<line number="90" hits="1"/>
						<line number="92" hits="1"/>
						<line number="93" hits="1"/>
						<line number="94" hits="1"/>
						<line number="95" hits="1"/>
						<line number="97" hits="1"/>
						<line number="99" hits="1"/>
						<line number="101" hits="1"/>
						<line number="110" hits="1"/>
						<line number="112" hits="1"/>
						<line number="113" hits="1"/>
						<line number="115" hits="1"/>
						<line number="117" hits="1"/>
						<line number="119" hits="1"/>
						<line number="128" hits="1"/>
						<line number="130" hits="1"/>
						<line number="131" hits="1"/>
					</lines>
				</class>
				<class name="test_candle_data.py" filename="tests/test_candle_data.py" complexity="0" line-rate="1" branch-rate="0">
					<methods/>
					<lines>
						<line number="11" hits="1"/>
						<line number="12" hits="1"/>
						<line number="14" hits="1"/>
						<line number="15" hits="1"/>
						<line number="18" hits="1"/>
						<line number="19" hits="1"/>
						<line number="21" hits="1"/>
						<line number="34" hits="1"/>
						<line number="36" hits="1"/>
						<line number="42" hits="1"/>
						<line number="44" hits="1"/>
						<line number="46" hits="1"/>
						<line number="48" hits="1"/>
						<line number="50" hits="1"/>
						<line number="52" hits="1"/>
						<line number="54" hits="1"/>
						<line number="56" hits="1"/>
						<line number="58" hits="1"/>
						<line number="60" hits="1"/>
						<line number="62" hits="1"/>
						<line number="64" hits="1"/>
						<line number="66" hits="1"/>
						<line number="68" hits="1"/>
						<line number="70" hits="1"/>
						<line number="73" hits="1"/>
						<line number="74" hits="1"/>
						<line number="75" hits="1"/>
						<line number="77" hits="1"/>
						<line number="78" hits="1"/>
						<line number="80" hits="1"/>
						<line number="82" hits="1"/>
						<line number="88" hits="1"/>
						<line number="89" hits="1"/>
						<line number="90" hits="1"/>
						<line number="93" hits="1"/>
						<line number="94" hits="1"/>
						<line number="96" hits="1"/>
						<line number="103" hits="1"/>
						<line number="105" hits="1"/>
						<line number="110" hits="1"/>
						<line number="111" hits="1"/>
						<line number="114" hits="1"/>
						<line number="115" hits="1"/>
						<line number="117" hits="1"/>
						<line number="124" hits="1"/>
						<line number="126" hits="1"/>
						<line number="131" hits="1"/>
						<line number="132" hits="1"/>
					</lines>
				</class>
				<class name="test_candle_patterns.py" filename="tests/test_candle_patterns.py" complexity="0" line-rate="1" branch-rate="0">
					<methods/>
					<lines>
						<line number="11" hits="1"/>
						<line number="13" hits="1"/>
						<line number="21" hits="1"/>
						<line number="41" hits="1"/>
						<line number="43" hits="1"/>
						<line number="45" hits="1"/>
						<line number="47" hits="1"/>
						<line number="49" hits="1"/>
						<line number="51" hits="1"/>
						<line number="52" hits="1"/>
						<line number="54" hits="1"/>
						<line number="56" hits="1"/>
						<line number="58" hits="1"/>
						<line number="68" hits="1"/>
						<line number="70" hits="1"/>
						<line number="71" hits="1"/>
						<line number="73" hits="1"/>
						<line number="75" hits="1"/>
						<line number="77" hits="1"/>
						<line number="88" hits="1"/>
						<line number="90" hits="1"/>
						<line number="92" hits="1"/>
						<line number="94" hits="1"/>
						<line number="96" hits="1"/>
						<line number="104" hits="1"/>
						<line number="106" hits="1"/>
						<line number="108" hits="1"/>
						<line number="110" hits="1"/>
						<line number="112" hits="1"/>
						<line number="123" hits="1"/>
						<line number="125" hits="1"/>
						<line number="127" hits="1"/>
						<line number="129" hits="1"/>
						<line number="131" hits="1"/>
						<line number="142" hits="1"/>
						<line number="144" hits="1"/>
						<line number="146" hits="1"/>
						<line number="148" hits="1"/>
						<line number="150" hits="1"/>
						<line number="172" hits="1"/>
						<line number="174" hits="1"/>
						<line number="175" hits="1"/>
						<line number="177" hits="1"/>
						<line number="179" hits="1"/>
						<line number="181" hits="1"/>
						<line number="203" hits="1"/>
						<line number="205" hits="1"/>
						<line number="206" hits="1"/>
						<line number="208" hits="1"/>
						<line number="210" hits="1"/>
						<line number="212" hits="1"/>
						<line number="237" hits="1"/>
						<line number="239" hits="1"/>
						<line number="240" hits="1"/>
						<line number="242" hits="1"/>
						<line number="244" hits="1"/>
						<line number="246" hits="1"/>
						<line number="271" hits="1"/>
						<line number="273" hits="1"/>
						<line number="274" hits="1"/>
						<line number="276" hits="1"/>
						<line number="277" hits="1"/>
						<line number="279" hits="1"/>
						<line number="281" hits="1"/>
						<line number="282" hits="1"/>
						<line number="284" hits="1"/>
						<line number="285" hits="1"/>
						<line number="287" hits="1"/>
						<line number="295" hits="1"/>
						<line number="297" hits="1"/>
						<line number="299" hits="1"/>
						<line number="300" hits="1"/>
						<line number="302" hits="1"/>
						<line number="310" hits="1"/>
						<line number="312" hits="1"/>
						<line number="314" hits="1"/>
						<line number="315" hits="1"/>
						<line number="317" hits="1"/>
						<line number="334" hits="1"/>
						<line number="336" hits="1"/>
						<line number="338" hits="1"/>
						<line number="339" hits="1"/>
						<line number="341" hits="1"/>
						<line number="358" hits="1"/>
						<line number="360" hits="1"/>
						<line number="362" hits="1"/>
						<line number="363" hits="1"/>
						<line number="365" hits="1"/>
						<line number="389" hits="1"/>
						<line number="391" hits="1"/>
						<line number="393" hits="1"/>
						<line number="394" hits="1"/>
						<line number="396" hits="1"/>
						<line number="420" hits="1"/>
						<line number="422" hits="1"/>
						<line number="428" hits="1"/>
						<line number="429" hits="1"/>
						<line number="432" hits="1"/>
						<line number="433" hits="1"/>
						<line number="434" hits="1"/>
						<line number="435" hits="1"/>
						<line number="436" hits="1"/>
						<line number="437" hits="1"/>
						<line number="438" hits="1"/>
						<line number="440" hits="1"/>
						<line number="441" hits="1"/>
						<line number="443" hits="1"/>
						<line number="444" hits="1"/>
						<line number="445" hits="1"/>
						<line number="446" hits="1"/>
						<line number="448" hits="1"/>
						<line number="449" hits="1"/>
						<line number="451" hits="1"/>
						<line number="452" hits="1"/>
						<line number="454" hits="1"/>
						<line number="455" hits="1"/>
						<line number="457" hits="1"/>
						<line number="458" hits="1"/>
						<line number="460" hits="1"/>
						<line number="461" hits="1"/>
						<line number="463" hits="1"/>
						<line number="464" hits="1"/>
						<line number="466" hits="1"/>
						<line number="467" hits="1"/>
						<line number="469" hits="1"/>
						<line number="471" hits="1"/>
						<line number="473" hits="1"/>
						<line number="474" hits="1"/>
						<line number="476" hits="1"/>
						<line number="478" hits="1"/>
						<line number="480" hits="1"/>
						<line number="481" hits="1"/>
						<line number="483" hits="1"/>
						<line number="492" hits="1"/>
						<line number="494" hits="1"/>
						<line number="495" hits="1"/>
						<line number="496" hits="1"/>
						<line number="497" hits="1"/>
						<line number="499" hits="1"/>
						<line number="505" hits="1"/>
						<line number="506" hits="1"/>
						<line number="507" hits="1"/>
						<line number="509" hits="1"/>
						<line number="511" hits="1"/>
						<line number="512" hits="1"/>
						<line number="513" hits="1"/>
						<line number="515" hits="1"/>
						<line number="517" hits="1"/>
					</lines>
				</class>
				<class name="test_choch_detector.py" filename="tests/test_choch_detector.py" complexity="0" line-rate="1" branch-rate="0">
					<methods/>
					<lines>
						<line number="9" hits="1"/>
						<line number="16" hits="1"/>
						<line number="18" hits="1"/>
						<line number="20" hits="1"/>
						<line number="22" hits="1"/>
						<line number="23" hits="1"/>
						<line number="30" hits="1"/>
						<line number="32" hits="1"/>
						<line number="34" hits="1"/>
						<line number="45" hits="1"/>
						<line number="47" hits="1"/>
						<line number="48" hits="1"/>
						<line number="55" hits="1"/>
						<line number="57" hits="1"/>
						<line number="59" hits="1"/>
						<line number="78" hits="1"/>
						<line number="80" hits="1"/>
						<line number="81" hits="1"/>
						<line number="82" hits="1"/>
						<line number="83" hits="1"/>
						<line number="84" hits="1"/>
						<line number="85" hits="1"/>
						<line number="92" hits="1"/>
						<line number="94" hits="1"/>
						<line number="96" hits="1"/>
						<line number="115" hits="1"/>
						<line number="117" hits="1"/>
						<line number="118" hits="1"/>
						<line number="119" hits="1"/>
						<line number="120" hits="1"/>
						<line number="121" hits="1"/>
						<line number="122" hits="1"/>
						<line number="129" hits="1"/>
						<line number="131" hits="1"/>
[...]
						<line number="54" hits="1"/>
					</lines>
				</class>
				<class name="test_mt5_connection.py" filename="tests/test_mt5_connection.py" complexity="0" line-rate="1" branch-rate="0">
					<methods/>
					<lines>
						<line number="5" hits="1"/>
						<line number="7" hits="1"/>
						<line number="14" hits="1"/>
						<line number="16" hits="1"/>
						<line number="18" hits="1"/>
						<line number="25" hits="1"/>
						<line number="26" hits="1"/>
						<line number="28" hits="1"/>
						<line number="30" hits="1"/>
						<line number="32" hits="1"/>
						<line number="34" hits="1"/>
						<line number="41" hits="1"/>
						<line number="42" hits="1"/>
						<line number="43" hits="1"/>
						<line number="48" hits="1"/>
						<line number="50" hits="1"/>
						<line number="55" hits="1"/>
						<line number="57" hits="1"/>
						<line number="59" hits="1"/>
						<line number="66" hits="1"/>
						<line number="67" hits="1"/>
						<line number="68" hits="1"/>
						<line number="73" hits="1"/>
						<line number="75" hits="1"/>
						<line number="77" hits="1"/>
						<line number="79" hits="1"/>
						<line number="81" hits="1"/>
						<line number="83" hits="1"/>
						<line number="90" hits="1"/>
						<line number="91" hits="1"/>
						<line number="93" hits="1"/>
						<line number="95" hits="1"/>
						<line number="97" hits="1"/>
						<line number="99" hits="1"/>
						<line number="102" hits="1"/>
						<line number="109" hits="1"/>
						<line number="110" hits="1"/>
						<line number="112" hits="1"/>
						<line number="117" hits="1"/>
						<line number="119" hits="1"/>
						<line number="129" hits="1"/>
						<line number="130" hits="1"/>
						<line number="131" hits="1"/>
						<line number="136" hits="1"/>
						<line number="138" hits="1"/>
						<line number="139" hits="1"/>
						<line number="140" hits="1"/>
						<line number="141" hits="1"/>
						<line number="142" hits="1"/>
						<line number="143" hits="1"/>
						<line number="145" hits="1"/>
						<line number="147" hits="1"/>
						<line number="149" hits="1"/>
						<line number="163" hits="1"/>
						<line number="164" hits="1"/>
						<line number="166" hits="1"/>
						<line number="168" hits="1"/>
						<line number="170" hits="1"/>
						<line number="172" hits="1"/>
					</lines>
				</class>
				<class name="test_order_block_detector.py" filename="tests/test_order_block_detector.py" complexity="0" line-rate="1" branch-rate="0">
					<methods/>
					<lines>
						<line number="5" hits="1"/>
						<line number="7" hits="1"/>
						<line number="9" hits="1"/>
						<line number="10" hits="1"/>
						<line number="11" hits="1"/>
						<line number="13" hits="1"/>
						<line number="14" hits="1"/>
						<line number="16" hits="1"/>
						<line number="17" hits="1"/>
						<line number="19" hits="1"/>
						<line number="20" hits="1"/>
						<line number="30" hits="1"/>
						<line number="38" hits="1"/>
						<line number="39" hits="1"/>
						<line number="41" hits="1"/>
						<line number="42" hits="1"/>
						<line number="52" hits="1"/>
						<line number="54" hits="1"/>
						<line number="55" hits="1"/>
						<line number="57" hits="1"/>
						<line number="58" hits="1"/>
						<line number="68" hits="1"/>
						<line number="76" hits="1"/>
						<line number="77" hits="1"/>
						<line number="79" hits="1"/>
						<line number="80" hits="1"/>
						<line number="90" hits="1"/>
						<line number="97" hits="1"/>
						<line number="98" hits="1"/>
						<line number="100" hits="1"/>
						<line number="101" hits="1"/>
						<line number="112" hits="1"/>
						<line number="122" hits="1"/>
						<line number="130" hits="1"/>
						<line number="131" hits="1"/>
						<line number="132" hits="1"/>
						<line number="134" hits="1"/>
						<line number="136" hits="1"/>
						<line number="137" hits="1"/>
						<line number="138" hits="1"/>
						<line number="140" hits="1"/>
						<line number="141" hits="1"/>
						<line number="152" hits="1"/>
						<line number="162" hits="1"/>
						<line number="170" hits="1"/>
						<line number="171" hits="1"/>
						<line number="172" hits="1"/>
						<line number="174" hits="1"/>
						<line number="176" hits="1"/>
						<line number="177" hits="1"/>
						<line number="178" hits="1"/>
						<line number="180" hits="1"/>
						<line number="181" hits="1"/>
						<line number="191" hits="1"/>
						<line number="199" hits="1"/>
						<line number="200" hits="1"/>
						<line number="202" hits="1"/>
						<line number="203" hits="1"/>
						<line number="215" hits="1"/>
						<line number="226" hits="1"/>
						<line number="236" hits="1"/>
						<line number="244" hits="1"/>
						<line number="245" hits="1"/>
						<line number="246" hits="1"/>
					</lines>
				</class>
				<class name="test_risk.py" filename="tests/test_risk.py" complexity="0" line-rate="1" branch-rate="0">
					<methods/>
					<lines>
						<line number="5" hits="1"/>
						<line number="20" hits="1"/>
						<line number="22" hits="1"/>
						<line number="29" hits="1"/>
						<line number="31" hits="1"/>
						<line number="36" hits="1"/>
						<line number="38" hits="1"/>
						<line number="43" hits="1"/>
						<line number="48" hits="1"/>
						<line number="53" hits="1"/>
						<line number="58" hits="1"/>
						<line number="68" hits="1"/>
						<line number="70" hits="1"/>
						<line number="75" hits="1"/>
						<line number="80" hits="1"/>
						<line number="85" hits="1"/>
						<line number="90" hits="1"/>
						<line number="95" hits="1"/>
						<line number="105" hits="1"/>
						<line number="107" hits="1"/>
						<line number="112" hits="1"/>
						<line number="117" hits="1"/>
						<line number="122" hits="1"/>
						<line number="127" hits="1"/>
						<line number="132" hits="1"/>
						<line number="142" hits="1"/>
						<line number="144" hits="1"/>
						<line number="149" hits="1"/>
						<line number="154" hits="1"/>
						<line number="159" hits="1"/>
						<line number="164" hits="1"/>
						<line number="169" hits="1"/>
						<line number="179" hits="1"/>
						<line number="181" hits="1"/>
						<line number="186" hits="1"/>
						<line number="191" hits="1"/>
						<line number="196" hits="1"/>
						<line number="201" hits="1"/>
					</lines>
				</class>
				<class name="test_settings.py" filename="tests/test_settings.py" complexity="0" line-rate="1" branch-rate="0">
					<methods/>
					<lines>
						<line number="1" hits="1"/>
						<line number="4" hits="1"/>
						<line number="6" hits="1"/>
						<line number="9" hits="1"/>
						<line number="11" hits="1"/>
						<line number="14" hits="1"/>
						<line number="16" hits="1"/>
						<line number="19" hits="1"/>
						<line number="21" hits="1"/>
					</lines>
				</class>
				<class name="test_signal.py" filename="tests/test_signal.py" complexity="0" line-rate="1" branch-rate="0">
					<methods/>
					<lines>
						<line number="5" hits="1"/>
						<line number="7" hits="1"/>
						<line number="17" hits="1"/>
						<line number="19" hits="1"/>
						<line number="28" hits="1"/>
						<line number="30" hits="1"/>
						<line number="32" hits="1"/>
						<line number="34" hits="1"/>
						<line number="36" hits="1"/>
						<line number="38" hits="1"/>
						<line number="45" hits="1"/>
						<line number="47" hits="1"/>
						<line number="56" hits="1"/>
						<line number="63" hits="1"/>
						<line number="65" hits="1"/>
						<line number="74" hits="1"/>
						<line number="81" hits="1"/>
						<line number="83" hits="1"/>
						<line number="92" hits="1"/>
						<line number="99" hits="1"/>
						<line number="101" hits="1"/>
						<line number="110" hits="1"/>
						<line number="112" hits="1"/>
						<line number="114" hits="1"/>
						<line number="121" hits="1"/>
						<line number="123" hits="1"/>
						<line number="132" hits="1"/>
						<line number="134" hits="1"/>
						<line number="136" hits="1"/>
						<line number="138" hits="1"/>
					</lines>
				</class>
				<class name="test_storage.py" filename="tests/test_storage.py" complexity="0" line-rate="1" branch-rate="0">
					<methods/>
					<lines>
						<line number="1" hits="1"/>
						<line number="2" hits="1"/>
						<line number="5" hits="1"/>
						<line number="6" hits="1"/>
						<line number="8" hits="1"/>
						<line number="9" hits="1"/>
						<line number="10" hits="1"/>
						<line number="11" hits="1"/>
						<line number="12" hits="1"/>
						<line number="13" hits="1"/>
						<line number="14" hits="1"/>
						<line number="15" hits="1"/>
						<line number="16" hits="1"/>
						<line number="19" hits="1"/>
						<line number="20" hits="1"/>
						<line number="21" hits="1"/>
					</lines>
				</class>
				<class name="test_swing_detector.py" filename="tests/test_swing_detector.py" complexity="0" line-rate="1" branch-rate="0">
					<methods/>
					<lines>
						<line number="11" hits="1"/>
						<line number="14" hits="1"/>
						<line number="18" hits="1"/>
						<line number="25" hits="1"/>
						<line number="26" hits="1"/>
						<line number="27" hits="1"/>
						<line number="28" hits="1"/>
						<line number="29" hits="1"/>
						<line number="32" hits="1"/>
						<line number="33" hits="1"/>
						<line number="34" hits="1"/>
						<line number="39" hits="1"/>
						<line number="40" hits="1"/>
						<line number="41" hits="1"/>
						<line number="44" hits="1"/>
						<line number="45" hits="1"/>
						<line number="46" hits="1"/>
						<line number="53" hits="1"/>
						<line number="54" hits="1"/>
						<line number="55" hits="1"/>
						<line number="56" hits="1"/>
						<line number="57" hits="1"/>
						<line number="58" hits="1"/>
						<line number="61" hits="1"/>
						<line number="62" hits="1"/>
						<line number="63" hits="1"/>
						<line number="70" hits="1"/>
						<line number="71" hits="1"/>
						<line number="72" hits="1"/>
						<line number="73" hits="1"/>
						<line number="74" hits="1"/>
						<line number="75" hits="1"/>
						<line number="78" hits="1"/>
						<line number="79" hits="1"/>
						<line number="80" hits="1"/>
						<line number="92" hits="1"/>
						<line number="93" hits="1"/>
						<line number="94" hits="1"/>
						<line number="95" hits="1"/>
						<line number="98" hits="1"/>
						<line number="99" hits="1"/>
						<line number="100" hits="1"/>
						<line number="112" hits="1"/>
						<line number="113" hits="1"/>
						<line number="114" hits="1"/>
						<line number="115" hits="1"/>
						<line number="119" hits="1"/>
						<line number="120" hits="1"/>
						<line number="121" hits="1"/>
						<line number="122" hits="1"/>
						<line number="126" hits="1"/>
						<line number="127" hits="1"/>
						<line number="128" hits="1"/>
						<line number="131" hits="1"/>
						<line number="132" hits="1"/>
						<line number="133" hits="1"/>
						<line number="134" hits="1"/>
						<line number="138" hits="1"/>
						<line number="139" hits="1"/>
						<line number="140" hits="1"/>
						<line number="143" hits="1"/>
						<line number="144" hits="1"/>
						<line number="145" hits="1"/>
						<line number="146" hits="1"/>
						<line number="150" hits="1"/>
						<line number="151" hits="1"/>
						<line number="152" hits="1"/>
						<line number="155" hits="1"/>
						<line number="156" hits="1"/>
						<line number="158" hits="1"/>
						<line number="169" hits="1"/>
						<line number="171" hits="1"/>
						<line number="172" hits="1"/>
						<line number="175" hits="1"/>
						<line number="176" hits="1"/>
						<line number="178" hits="1"/>
						<line number="189" hits="1"/>
						<line number="191" hits="1"/>
						<line number="192" hits="1"/>
					</lines>
				</class>
				<class name="test_symbols.py" filename="tests/test_symbols.py" complexity="0" line-rate="1" branch-rate="0">
					<methods/>
					<lines>
						<line number="1" hits="1"/>
						<line number="4" hits="1"/>
						<line number="5" hits="1"/>
						<line number="6" hits="1"/>
						<line number="9" hits="1"/>
						<line number="10" hits="1"/>
						<line number="11" hits="1"/>
						<line number="14" hits="1"/>
						<line number="15" hits="1"/>
						<line number="16" hits="1"/>
						<line number="19" hits="1"/>
						<line number="20" hits="1"/>
						<line number="23" hits="1"/>
						<line number="24" hits="1"/>
						<line number="34" hits="1"/>
						<line number="37" hits="1"/>
						<line number="38" hits="1"/>
					</lines>
				</class>
				<class name="test_terminal_data.py" filename="tests/test_terminal_data.py" complexity="0" line-rate="1" branch-rate="0">
					<methods/>
					<lines>
						<line number="5" hits="1"/>
						<line number="6" hits="1"/>
						<line number="8" hits="1"/>
						<line number="15" hits="1"/>
						<line number="16" hits="1"/>
						<line number="18" hits="1"/>
						<line number="24" hits="1"/>
						<line number="26" hits="1"/>
						<line number="28" hits="1"/>
						<line number="30" hits="1"/>
						<line number="37" hits="1"/>
						<line number="38" hits="1"/>
						<line number="40" hits="1"/>
						<line number="44" hits="1"/>
						<line number="46" hits="1"/>
						<line number="53" hits="1"/>
						<line number="54" hits="1"/>
						<line number="55" hits="1"/>
						<line number="60" hits="1"/>
						<line number="62" hits="1"/>
						<line number="67" hits="1"/>
						<line number="69" hits="1"/>
						<line number="76" hits="1"/>
						<line number="77" hits="1"/>
						<line number="79" hits="1"/>
						<line number="83" hits="1"/>
						<line number="85" hits="1"/>
						<line number="92" hits="1"/>
						<line number="93" hits="1"/>
						<line number="95" hits="1"/>
						<line number="99" hits="1"/>
						<line number="101" hits="1"/>
						<line number="108" hits="1"/>
						<line number="109" hits="1"/>
						<line number="111" hits="1"/>
						<line number="113" hits="1"/>
						<line number="115" hits="1"/>
						<line number="122" hits="1"/>
						<line number="123" hits="1"/>
						<line number="125" hits="1"/>
						<line number="131" hits="1"/>
						<line number="133" hits="1"/>
					</lines>
				</class>
				<class name="test_timeframes.py" filename="tests/test_timeframes.py" complexity="0" line-rate="1" branch-rate="0">
					<methods/>
					<lines>
						<line number="1" hits="1"/>
						<line number="11" hits="1"/>
						<line number="12" hits="1"/>
						<line number="13" hits="1"/>
						<line number="14" hits="1"/>
						<line number="15" hits="1"/>
						<line number="16" hits="1"/>
						<line number="19" hits="1"/>
						<line number="20" hits="1"/>
						<line number="23" hits="1"/>
						<line number="24" hits="1"/>
						<line number="27" hits="1"/>
						<line number="28" hits="1"/>
						<line number="31" hits="1"/>
						<line number="32" hits="1"/>
						<line number="35" hits="1"/>
						<line number="36" hits="1"/>
						<line number="39" hits="1"/>
						<line number="40" hits="1"/>
						<line number="43" hits="1"/>
						<line number="44" hits="1"/>
						<line number="45" hits="1"/>
					</lines>
				</class>
				<class name="test_trading.py" filename="tests/test_trading.py" complexity="0" line-rate="1" branch-rate="0">
					<methods/>
					<lines>
						<line number="12" hits="1"/>
						<line number="23" hits="1"/>
						<line number="24" hits="1"/>
						<line number="27" hits="1"/>
						<line number="28" hits="1"/>
						<line number="31" hits="1"/>
						<line number="32" hits="1"/>
						<line number="35" hits="1"/>
						<line number="36" hits="1"/>
						<line number="43" hits="1"/>
						<line number="44" hits="1"/>
						<line number="47" hits="1"/>
						<line number="48" hits="1"/>
						<line number="51" hits="1"/>
						<line number="52" hits="1"/>
						<line number="55" hits="1"/>
						<line number="56" hits="1"/>
						<line number="59" hits="1"/>
						<line number="60" hits="1"/>
						<line number="67" hits="1"/>
						<line number="69" hits="1"/>
						<line number="70" hits="1"/>
						<line number="71" hits="1"/>
						<line number="72" hits="1"/>
						<line number="73" hits="1"/>
						<line number="75" hits="1"/>
						<line number="76" hits="1"/>
						<line number="79" hits="1"/>
						<line number="80" hits="1"/>
						<line number="83" hits="1"/>
						<line number="84" hits="1"/>
						<line number="91" hits="1"/>
						<line number="92" hits="1"/>
						<line number="95" hits="1"/>
						<line number="96" hits="1"/>
						<line number="99" hits="1"/>
						<line number="100" hits="1"/>
						<line number="103" hits="1"/>
						<line number="104" hits="1"/>
						<line number="111" hits="1"/>
						<line number="112" hits="1"/>
						<line number="115" hits="1"/>
						<line number="116" hits="1"/>
						<line number="119" hits="1"/>
						<line number="120" hits="1"/>
						<line number="123" hits="1"/>
						<line number="124" hits="1"/>
						<line number="127" hits="1"/>
						<line number="128" hits="1"/>
						<line number="135" hits="1"/>
						<line number="136" hits="1"/>
						<line number="139" hits="1"/>
						<line number="141" hits="1"/>
						<line number="143" hits="1"/>
					</lines>
				</class>
			</classes>
		</package>
		<package name="tools" line-rate="0" branch-rate="0" complexity="0">
			<classes>
				<class name="__init__.py" filename="tools/__init__.py" complexity="0" line-rate="1" branch-rate="0">
					<methods/>
					<lines/>
				</class>
				<class name="apply_patch.py" filename="tools/apply_patch.py" complexity="0" line-rate="0" branch-rate="0">
					<methods/>
					<lines>
						<line number="1" hits="0"/>
						<line number="2" hits="0"/>
						<line number="3" hits="0"/>
						<line number="5" hits="0"/>
						<line number="8" hits="0"/>
						<line number="9" hits="0"/>
						<line number="10" hits="0"/>
						<line number="11" hits="0"/>
						<line number="12" hits="0"/>
						<line number="14" hits="0"/>
						<line number="15" hits="0"/>
						<line number="17" hits="0"/>
						<line number="18" hits="0"/>
						<line number="19" hits="0"/>
						<line number="21" hits="0"/>
						<line number="22" hits="0"/>
						<line number="23" hits="0"/>
						<line number="24" hits="0"/>
						<line number="26" hits="0"/>
						<line number="28" hits="0"/>
						<line number="31" hits="0"/>
						<line number="32" hits="0"/>
					</lines>
				</class>
				<class name="fix_storage.py" filename="tools/fix_storage.py" complexity="0" line-rate="0" branch-rate="0">
					<methods/>
					<lines>
						<line number="6" hits="0"/>
						<line number="7" hits="0"/>
						<line number="8" hits="0"/>
						<line number="10" hits="0"/>
						<line number="11" hits="0"/>
						<line number="13" hits="0"/>
						<line number="91" hits="0"/>
						<line number="92" hits="0"/>
						<line number="93" hits="0"/>
						<line number="95" hits="0"/>
						<line number="97" hits="0"/>
						<line number="102" hits="0"/>
						<line number="105" hits="0"/>
						<line number="106" hits="0"/>
					</lines>
				</class>
				<class name="project_organizer.py" filename="tools/project_organizer.py" complexity="0" line-rate="0" branch-rate="0">
					<methods/>
					<lines>
						<line number="1" hits="0"/>
						<line number="2" hits="0"/>
						<line number="4" hits="0"/>
						<line number="5" hits="0"/>
						<line number="8" hits="0"/>
						<line number="11" hits="0"/>
						<line number="14" hits="0"/>
						<line number="16" hits="0"/>
						<line number="17" hits="0"/>
						<line number="19" hits="0"/>
						<line number="20" hits="0"/>
						<line number="21" hits="0"/>
						<line number="23" hits="0"/>
						<line number="25" hits="0"/>
					</lines>
				</class>
			</classes>
		</package>
		<package name="utils" line-rate="1" branch-rate="0" complexity="0">
			<classes>
				<class name="__init__.py" filename="utils/__init__.py" complexity="0" line-rate="1" branch-rate="0">
					<methods/>
					<lines/>
				</class>
			</classes>
		</package>
	</packages>
</coverage>
